Model: AlignedEEGNet (aligned) | Protocol: within | band=0.5-100.0Hz expand=1 val_frac=0.2 refit=False align=ea tag='nov3'
Device: cuda
  GPU: NVIDIA GeForce RTX 2070 SUPER

Loading BCI Competition IV-2a (MOABB)...
Choosing from all possible events
    X: (5184, 22, 1001), y: (5184,)
    Subjects: [1, 2, 3, 4, 5, 6, 7, 8, 9]

[within] Pretraining AlignedEEGNet on session 1 of all subjects...
    Pretrain data: (2592, 22, 1000) trials, 4 classes, align=ea
    Pre-training on 2592 trials (session 1 of all subjects)
      Pretrain epoch 50/200, Loss: 0.8628
      Pretrain epoch 100/200, Loss: 0.7849
      Pretrain epoch 150/200, Loss: 0.7550
      Pretrain epoch 200/200, Loss: 0.7387
    Saved pretrained model to /home/istiaqfuad/Desktop/last-bci/models/pretrained_aligned_ea_s42_nov3.pt

[within] Fine-tuning AlignedEEGNet per subject (val_frac=0.2, expand=1, refit=False)...
    [no-leakage] Subject 2: train=232 val=56 (session 0train), test=288 (session 1test); align=ea; z-score from train only
      Train: (232, 22, 1000), Val: (56, 22, 1000), Test: (288, 22, 1000)
      Loaded pretrained weights (seed 42)
      Epoch 50/500, TrLoss: 0.9745, ValAcc: 0.9643, ValLoss: 0.2421
      Epoch 100/500, TrLoss: 0.7460, ValAcc: 0.9821, ValLoss: 0.2795
      Epoch 150/500, TrLoss: 0.6969, ValAcc: 0.8750, ValLoss: 0.4493
      Early stop at epoch 198 (no val improve for 150 epochs)
      Best ValAcc: 1.0000 -> Test (single eval): 0.7431
    [within] Running mean: 74.31% (1/3)
    [no-leakage] Subject 3: train=232 val=56 (session 0train), test=288 (session 1test); align=ea; z-score from train only
      Train: (232, 22, 1000), Val: (56, 22, 1000), Test: (288, 22, 1000)
      Loaded pretrained weights (seed 42)
      Epoch 50/500, TrLoss: 0.9158, ValAcc: 0.9821, ValLoss: 0.1410
      Epoch 100/500, TrLoss: 0.6899, ValAcc: 1.0000, ValLoss: 0.1923
      Epoch 150/500, TrLoss: 0.6106, ValAcc: 1.0000, ValLoss: 0.1942
      Early stop at epoch 159 (no val improve for 150 epochs)
      Best ValAcc: 1.0000 -> Test (single eval): 0.9479
    [within] Running mean: 84.55% (2/3)
    [no-leakage] Subject 5: train=232 val=56 (session 0train), test=288 (session 1test); align=ea; z-score from train only
      Train: (232, 22, 1000), Val: (56, 22, 1000), Test: (288, 22, 1000)
      Loaded pretrained weights (seed 42)
      Epoch 50/500, TrLoss: 0.9658, ValAcc: 0.9286, ValLoss: 0.3016
      Epoch 100/500, TrLoss: 0.7553, ValAcc: 0.9286, ValLoss: 0.3385
      Epoch 150/500, TrLoss: 0.6316, ValAcc: 0.9286, ValLoss: 0.3810
      Epoch 200/500, TrLoss: 0.7182, ValAcc: 0.8393, ValLoss: 0.4749
      Early stop at epoch 240 (no val improve for 150 epochs)
      Best ValAcc: 0.9821 -> Test (single eval): 0.7639
    [within] Running mean: 81.83% (3/3)

============================================================
FINAL RESULTS — WITHIN-SUBJECT (honest)_nov3 (AlignedEEGNet)
============================================================
 subject  test_acc         model
       2  0.743056 AlignedEEGNet
       3  0.947917 AlignedEEGNet
       5  0.763889 AlignedEEGNet

WITHIN-SUBJECT (honest)_nov3 Mean Accuracy: 0.8183 +/- 0.1127 (81.83%)
    saved -> /home/istiaqfuad/Desktop/last-bci/results_within_honest_aligned_nov3.csv

============================================================
SUMMARY (AlignedEEGNet)
  within  : 81.83%
Reference SOTA (within-subject, 4-class): CTNet 82.52 / MSCARNet 82.66 / EEGEncoder 86.46
