Model: UnifiedEEGNet (unified) | Protocol: within | band=0.5-100.0Hz expand=3 val_frac=0.2 refit=False tag='e3'
Device: cuda
  GPU: NVIDIA GeForce GTX 1050 Ti

Loading BCI Competition IV-2a (MOABB)...
Choosing from all possible events
    X: (5184, 22, 1001), y: (5184,)
    Subjects: [1, 2, 3, 4, 5, 6, 7, 8, 9]

[within] Pretraining UnifiedEEGNet on session 1 of all subjects...
    Pretrain data: (2592, 22, 1000) trials, 4 classes
    Pre-training on 2592 trials (session 1 of all subjects)
      Pretrain epoch 50/200, Loss: 0.9576
      Pretrain epoch 100/200, Loss: 0.9198
      Pretrain epoch 150/200, Loss: 0.8427
      Pretrain epoch 200/200, Loss: 0.8245
    Saved pretrained model to /home/istiaqfuad/Desktop/last-bci/models/pretrained_unified_e3.pt

[within] Fine-tuning UnifiedEEGNet per subject (val_frac=0.2, expand=3, refit=False)...
    [no-leakage] Subject 2: train=232 val=56 (session 0train), test=288 (session 1test); z-score from train only
      Train: (232, 22, 1000), Val: (56, 22, 1000), Test: (288, 22, 1000)
      Loaded pretrained weights (seed 42)
      Epoch 50/500, TrLoss: 0.8476, ValAcc: 0.8214, ValLoss: 0.4633
      Epoch 100/500, TrLoss: 0.8011, ValAcc: 0.8571, ValLoss: 0.4735
      Epoch 150/500, TrLoss: 0.7423, ValAcc: 0.8571, ValLoss: 0.5115
      Early stop at epoch 163 (no val improve for 150 epochs)
      Best ValAcc: 0.9286 -> Test (single eval): 0.6007
    [within] Running mean: 60.07% (1/3)
    [no-leakage] Subject 3: train=232 val=56 (session 0train), test=288 (session 1test); z-score from train only
      Train: (232, 22, 1000), Val: (56, 22, 1000), Test: (288, 22, 1000)
      Loaded pretrained weights (seed 42)
      Epoch 50/500, TrLoss: 0.6477, ValAcc: 0.9464, ValLoss: 0.1890
      Epoch 100/500, TrLoss: 0.6447, ValAcc: 0.9643, ValLoss: 0.2142
      Epoch 150/500, TrLoss: 0.6190, ValAcc: 0.9821, ValLoss: 0.2351
      Early stop at epoch 157 (no val improve for 150 epochs)
      Best ValAcc: 1.0000 -> Test (single eval): 0.8924
    [within] Running mean: 74.65% (2/3)
    [no-leakage] Subject 5: train=232 val=56 (session 0train), test=288 (session 1test); z-score from train only
      Train: (232, 22, 1000), Val: (56, 22, 1000), Test: (288, 22, 1000)
      Loaded pretrained weights (seed 42)
      Epoch 50/500, TrLoss: 0.7877, ValAcc: 0.7857, ValLoss: 0.5541
      Epoch 100/500, TrLoss: 0.7790, ValAcc: 0.7679, ValLoss: 0.5729
      Epoch 150/500, TrLoss: 0.6977, ValAcc: 0.7321, ValLoss: 0.6008
      Epoch 200/500, TrLoss: 0.6975, ValAcc: 0.7143, ValLoss: 0.6143
      Epoch 250/500, TrLoss: 0.6131, ValAcc: 0.7321, ValLoss: 0.6151
      Epoch 300/500, TrLoss: 0.6338, ValAcc: 0.7500, ValLoss: 0.6766
      Early stop at epoch 349 (no val improve for 150 epochs)
      Best ValAcc: 0.8393 -> Test (single eval): 0.5764
    [within] Running mean: 68.98% (3/3)

============================================================
FINAL RESULTS — WITHIN-SUBJECT (honest)_e3 (UnifiedEEGNet)
============================================================
 subject  test_acc         model
       2  0.600694 UnifiedEEGNet
       3  0.892361 UnifiedEEGNet
       5  0.576389 UnifiedEEGNet

WITHIN-SUBJECT (honest)_e3 Mean Accuracy: 0.6898 +/- 0.1758 (68.98%)
    saved -> /home/istiaqfuad/Desktop/last-bci/results_within_honest_unified_e3.csv

============================================================
SUMMARY (UnifiedEEGNet)
  within  : 68.98%
Reference SOTA (within-subject, 4-class): CTNet 82.52 / MSCARNet 82.66 / EEGEncoder 86.46
