Model: UnifiedEEGNet (unified) | Protocol: within | band=0.5-100.0Hz expand=1 val_frac=0.2 refit=False align=ea tag='ea'
Device: cuda
  GPU: NVIDIA GeForce GTX 1050 Ti

Loading BCI Competition IV-2a (MOABB)...
Choosing from all possible events
    X: (5184, 22, 1001), y: (5184,)
    Subjects: [1, 2, 3, 4, 5, 6, 7, 8, 9]

[within] Pretraining UnifiedEEGNet on session 1 of all subjects...
    Pretrain data: (2592, 22, 1000) trials, 4 classes, align=ea
    Pre-training on 2592 trials (session 1 of all subjects)
      Pretrain epoch 50/200, Loss: 0.8536
      Pretrain epoch 100/200, Loss: 0.7887
      Pretrain epoch 150/200, Loss: 0.7565
      Pretrain epoch 200/200, Loss: 0.7369
    Saved pretrained model to /home/istiaqfuad/Desktop/last-bci/models/pretrained_unified_ea_ea.pt

[within] Fine-tuning UnifiedEEGNet per subject (val_frac=0.2, expand=1, refit=False)...
    [no-leakage] Subject 2: train=232 val=56 (session 0train), test=288 (session 1test); align=ea; z-score from train only
      Train: (232, 22, 1000), Val: (56, 22, 1000), Test: (288, 22, 1000)
      Loaded pretrained weights (seed 42)
      Epoch 50/500, TrLoss: 0.9821, ValAcc: 0.9821, ValLoss: 0.2574
      Epoch 100/500, TrLoss: 0.8055, ValAcc: 0.9643, ValLoss: 0.2749
      Epoch 150/500, TrLoss: 0.6818, ValAcc: 0.8750, ValLoss: 0.4349
      Early stop at epoch 186 (no val improve for 150 epochs)
      Best ValAcc: 1.0000 -> Test (single eval): 0.7500
    [within] Running mean: 75.00% (1/3)
    [no-leakage] Subject 3: train=232 val=56 (session 0train), test=288 (session 1test); align=ea; z-score from train only
      Train: (232, 22, 1000), Val: (56, 22, 1000), Test: (288, 22, 1000)
      Loaded pretrained weights (seed 42)
      Epoch 50/500, TrLoss: 0.9100, ValAcc: 0.9643, ValLoss: 0.1753
      Epoch 100/500, TrLoss: 0.6892, ValAcc: 0.9643, ValLoss: 0.2035
      Epoch 150/500, TrLoss: 0.5933, ValAcc: 0.9643, ValLoss: 0.2405
      Early stop at epoch 159 (no val improve for 150 epochs)
      Best ValAcc: 0.9821 -> Test (single eval): 0.9340
    [within] Running mean: 84.20% (2/3)
    [no-leakage] Subject 5: train=232 val=56 (session 0train), test=288 (session 1test); align=ea; z-score from train only
      Train: (232, 22, 1000), Val: (56, 22, 1000), Test: (288, 22, 1000)
      Loaded pretrained weights (seed 42)
      Epoch 50/500, TrLoss: 0.9724, ValAcc: 0.8929, ValLoss: 0.3595
      Epoch 100/500, TrLoss: 0.7864, ValAcc: 0.8929, ValLoss: 0.3659
      Epoch 150/500, TrLoss: 0.6335, ValAcc: 0.8571, ValLoss: 0.4200
      Epoch 200/500, TrLoss: 0.6981, ValAcc: 0.8571, ValLoss: 0.4496
      Epoch 250/500, TrLoss: 0.7620, ValAcc: 0.8750, ValLoss: 0.4360
      Epoch 300/500, TrLoss: 0.7915, ValAcc: 0.8929, ValLoss: 0.3984
      Epoch 350/500, TrLoss: 0.7424, ValAcc: 0.8036, ValLoss: 0.4717
      Early stop at epoch 376 (no val improve for 150 epochs)
      Best ValAcc: 0.9464 -> Test (single eval): 0.7292
    [within] Running mean: 80.44% (3/3)

============================================================
FINAL RESULTS — WITHIN-SUBJECT (honest)_ea (UnifiedEEGNet)
============================================================
 subject  test_acc         model
       2  0.750000 UnifiedEEGNet
       3  0.934028 UnifiedEEGNet
       5  0.729167 UnifiedEEGNet

WITHIN-SUBJECT (honest)_ea Mean Accuracy: 0.8044 +/- 0.1127 (80.44%)
    saved -> /home/istiaqfuad/Desktop/last-bci/results_within_honest_unified_ea.csv

============================================================
SUMMARY (UnifiedEEGNet)
  within  : 80.44%
Reference SOTA (within-subject, 4-class): CTNet 82.52 / MSCARNet 82.66 / EEGEncoder 86.46
