Model: UnifiedEEGNet (unified) | Protocol: within | band=0.5-100.0Hz expand=1 val_frac=0.2 refit=False align=ra tag='ra3'
Device: cuda
  GPU: NVIDIA GeForce RTX 2070 SUPER

Loading BCI Competition IV-2a (MOABB)...
Choosing from all possible events
    X: (5184, 22, 1001), y: (5184,)
    Subjects: [1, 2, 3, 4, 5, 6, 7, 8, 9]

[within] Pretraining UnifiedEEGNet on session 1 of all subjects...
    Pretrain data: (2592, 22, 1000) trials, 4 classes, align=ra
    Pre-training on 2592 trials (session 1 of all subjects)
      Pretrain epoch 50/200, Loss: 0.8655
      Pretrain epoch 100/200, Loss: 0.7855
      Pretrain epoch 150/200, Loss: 0.7466
      Pretrain epoch 200/200, Loss: 0.7359
    Saved pretrained model to /home/istiaqfuad/Desktop/last-bci/models/pretrained_unified_ra_s42_ra3.pt

[within] Fine-tuning UnifiedEEGNet per subject (val_frac=0.2, expand=1, refit=False)...
    [no-leakage] Subject 2: train=232 val=56 (session 0train), test=288 (session 1test); align=ra; z-score from train only
      Train: (232, 22, 1000), Val: (56, 22, 1000), Test: (288, 22, 1000)
      Loaded pretrained weights (seed 42)
      Epoch 50/500, TrLoss: 0.9328, ValAcc: 1.0000, ValLoss: 0.2384
      Epoch 100/500, TrLoss: 0.7267, ValAcc: 0.9821, ValLoss: 0.2909
      Epoch 150/500, TrLoss: 0.6926, ValAcc: 0.9107, ValLoss: 0.4366
      Epoch 200/500, TrLoss: 0.6756, ValAcc: 0.8214, ValLoss: 0.5044
      Early stop at epoch 200 (no val improve for 150 epochs)
      Best ValAcc: 1.0000 -> Test (single eval): 0.7708
    [within] Running mean: 77.08% (1/3)
    [no-leakage] Subject 3: train=232 val=56 (session 0train), test=288 (session 1test); align=ra; z-score from train only
      Train: (232, 22, 1000), Val: (56, 22, 1000), Test: (288, 22, 1000)
      Loaded pretrained weights (seed 42)
      Epoch 50/500, TrLoss: 0.9144, ValAcc: 1.0000, ValLoss: 0.1399
      Epoch 100/500, TrLoss: 0.7012, ValAcc: 1.0000, ValLoss: 0.1841
      Epoch 150/500, TrLoss: 0.6180, ValAcc: 1.0000, ValLoss: 0.2178
      Early stop at epoch 162 (no val improve for 150 epochs)
      Best ValAcc: 1.0000 -> Test (single eval): 0.9410
    [within] Running mean: 85.59% (2/3)
    [no-leakage] Subject 5: train=232 val=56 (session 0train), test=288 (session 1test); align=ra; z-score from train only
      Train: (232, 22, 1000), Val: (56, 22, 1000), Test: (288, 22, 1000)
      Loaded pretrained weights (seed 42)
      Epoch 50/500, TrLoss: 0.9493, ValAcc: 0.9643, ValLoss: 0.3183
      Epoch 100/500, TrLoss: 0.7829, ValAcc: 0.8929, ValLoss: 0.3723
      Epoch 150/500, TrLoss: 0.6475, ValAcc: 0.9107, ValLoss: 0.4011
      Early stop at epoch 198 (no val improve for 150 epochs)
      Best ValAcc: 1.0000 -> Test (single eval): 0.7465
    [within] Running mean: 81.94% (3/3)

============================================================
FINAL RESULTS — WITHIN-SUBJECT (honest)_ra3 (UnifiedEEGNet)
============================================================
 subject  test_acc         model
       2  0.770833 UnifiedEEGNet
       3  0.940972 UnifiedEEGNet
       5  0.746528 UnifiedEEGNet

WITHIN-SUBJECT (honest)_ra3 Mean Accuracy: 0.8194 +/- 0.1059 (81.94%)
    saved -> /home/istiaqfuad/Desktop/last-bci/results_within_honest_unified_ra3.csv

============================================================
SUMMARY (UnifiedEEGNet)
  within  : 81.94%
Reference SOTA (within-subject, 4-class): CTNet 82.52 / MSCARNet 82.66 / EEGEncoder 86.46
