Device: cuda
  GPU: NVIDIA GeForce RTX 2070 SUPER

Loading dataset 'iv2b' (MOABB)...
Choosing from all possible events
    Dataset iv2b (BNCI2014_004): X=(6520, 3, 1126), classes=2, channels=3
Model: UnifiedEEGNet (unified) | Dataset: iv2b (classes=2, ch=3) | Protocol: both | band=0.5-100.0Hz align=none tta_steps=0 seed=42 tag='iv2bnone'
    Subjects: [1, 2, 3, 4, 5, 6, 7, 8, 9]

[within] Pretraining UnifiedEEGNet on session 1 of all subjects...
    Pretrain data: (1120, 3, 1000) trials, 2 classes, align=none
    Pre-training on 1120 trials
      Pretrain epoch 50/200, Loss: 0.5406
      Pretrain epoch 100/200, Loss: 0.4852
      Pretrain epoch 150/200, Loss: 0.4495
      Pretrain epoch 200/200, Loss: 0.4411
    Saved pretrained model to /home/istiaqfuad/Desktop/last-bci/models/pretrained_iv2b_unified_none_s42_iv2bnone.pt

[within] Fine-tuning UnifiedEEGNet per subject (val_frac=0.2, expand=1, refit=False)...
    [no-leakage] Subject 1: train=320 val=80 (sessions ['0train', '1train', '2train']), test=320 (sessions ['3test', '4test']); align=none; z-score from train only
      Train: (320, 3, 1000), Val: (80, 3, 1000), Test: (320, 3, 1000)
      Loaded pretrained weights (seed 42)
      Epoch 50/500, TrLoss: 0.5036, ValAcc: 0.8875, ValLoss: 0.3822
      Epoch 100/500, TrLoss: 0.3946, ValAcc: 0.8500, ValLoss: 0.3536
      Epoch 150/500, TrLoss: 0.4411, ValAcc: 0.8625, ValLoss: 0.3213
      Epoch 200/500, TrLoss: 0.3197, ValAcc: 0.8250, ValLoss: 0.3362
      Epoch 250/500, TrLoss: 0.3709, ValAcc: 0.8375, ValLoss: 0.3782
      Early stop at epoch 285 (no val improve for 150 epochs)
      Best ValAcc: 0.9125 -> Test (single eval): 0.7344
    [within] Running mean: 73.44% (1/9)
    [no-leakage] Subject 2: train=320 val=80 (sessions ['0train', '1train', '2train']), test=280 (sessions ['3test', '4test']); align=none; z-score from train only
      Train: (320, 3, 1000), Val: (80, 3, 1000), Test: (280, 3, 1000)
      Loaded pretrained weights (seed 42)
      Epoch 50/500, TrLoss: 0.5136, ValAcc: 0.6875, ValLoss: 0.6096
      Epoch 100/500, TrLoss: 0.4346, ValAcc: 0.6875, ValLoss: 0.6303
      Epoch 150/500, TrLoss: 0.4986, ValAcc: 0.6875, ValLoss: 0.6674
      Epoch 200/500, TrLoss: 0.3631, ValAcc: 0.6500, ValLoss: 0.6922
      Epoch 250/500, TrLoss: 0.4549, ValAcc: 0.7000, ValLoss: 0.6169
      Epoch 300/500, TrLoss: 0.4212, ValAcc: 0.7000, ValLoss: 0.6073
      Epoch 350/500, TrLoss: 0.3595, ValAcc: 0.6375, ValLoss: 0.6781
      Epoch 400/500, TrLoss: 0.3276, ValAcc: 0.6875, ValLoss: 0.6388
      Epoch 450/500, TrLoss: 0.4059, ValAcc: 0.6750, ValLoss: 0.6370
      Early stop at epoch 461 (no val improve for 150 epochs)
      Best ValAcc: 0.7375 -> Test (single eval): 0.6857
    [within] Running mean: 71.00% (2/9)
    [no-leakage] Subject 3: train=320 val=80 (sessions ['0train', '1train', '2train']), test=320 (sessions ['3test', '4test']); align=none; z-score from train only
      Train: (320, 3, 1000), Val: (80, 3, 1000), Test: (320, 3, 1000)
      Loaded pretrained weights (seed 42)
      Epoch 50/500, TrLoss: 0.5677, ValAcc: 0.7125, ValLoss: 0.5415
      Epoch 100/500, TrLoss: 0.4943, ValAcc: 0.7125, ValLoss: 0.5525
      Epoch 150/500, TrLoss: 0.4802, ValAcc: 0.6875, ValLoss: 0.6004
      Epoch 200/500, TrLoss: 0.3571, ValAcc: 0.6875, ValLoss: 0.6537
      Epoch 250/500, TrLoss: 0.4373, ValAcc: 0.7125, ValLoss: 0.6038
      Early stop at epoch 259 (no val improve for 150 epochs)
      Best ValAcc: 0.7625 -> Test (single eval): 0.7844
    [within] Running mean: 73.48% (3/9)
    [no-leakage] Subject 4: train=336 val=84 (sessions ['0train', '1train', '2train']), test=320 (sessions ['3test', '4test']); align=none; z-score from train only
      Train: (336, 3, 1000), Val: (84, 3, 1000), Test: (320, 3, 1000)
      Loaded pretrained weights (seed 42)
      Epoch 50/500, TrLoss: 0.3847, ValAcc: 0.9881, ValLoss: 0.1230
      Epoch 100/500, TrLoss: 0.3596, ValAcc: 0.9881, ValLoss: 0.1130
      Epoch 150/500, TrLoss: 0.3312, ValAcc: 0.9643, ValLoss: 0.1315
      Epoch 200/500, TrLoss: 0.3558, ValAcc: 0.9643, ValLoss: 0.1273
      Epoch 250/500, TrLoss: 0.3922, ValAcc: 0.9643, ValLoss: 0.1204
      Epoch 300/500, TrLoss: 0.2756, ValAcc: 0.9762, ValLoss: 0.1040
      Epoch 350/500, TrLoss: 0.4134, ValAcc: 1.0000, ValLoss: 0.2004
      Epoch 400/500, TrLoss: 0.2864, ValAcc: 0.9762, ValLoss: 0.1023
      Epoch 450/500, TrLoss: 0.4062, ValAcc: 0.9762, ValLoss: 0.2074
      Early stop at epoch 457 (no val improve for 150 epochs)
      Best ValAcc: 1.0000 -> Test (single eval): 0.9656
    [within] Running mean: 79.25% (4/9)
    [no-leakage] Subject 5: train=336 val=84 (sessions ['0train', '1train', '2train']), test=320 (sessions ['3test', '4test']); align=none; z-score from train only
      Train: (336, 3, 1000), Val: (84, 3, 1000), Test: (320, 3, 1000)
      Loaded pretrained weights (seed 42)
      Epoch 50/500, TrLoss: 0.4334, ValAcc: 0.9167, ValLoss: 0.2970
      Epoch 100/500, TrLoss: 0.4227, ValAcc: 0.9405, ValLoss: 0.2708
      Epoch 150/500, TrLoss: 0.3936, ValAcc: 0.9167, ValLoss: 0.2484
      Epoch 200/500, TrLoss: 0.3891, ValAcc: 0.9405, ValLoss: 0.2906
      Epoch 250/500, TrLoss: 0.3744, ValAcc: 0.9524, ValLoss: 0.1936
      Epoch 300/500, TrLoss: 0.3249, ValAcc: 0.9286, ValLoss: 0.1934
      Epoch 350/500, TrLoss: 0.4535, ValAcc: 0.8571, ValLoss: 0.3369
      Epoch 400/500, TrLoss: 0.2955, ValAcc: 0.9286, ValLoss: 0.2068
      Early stop at epoch 406 (no val improve for 150 epochs)
      Best ValAcc: 0.9643 -> Test (single eval): 0.9469
    [within] Running mean: 82.34% (5/9)
    [no-leakage] Subject 6: train=320 val=80 (sessions ['0train', '1train', '2train']), test=320 (sessions ['3test', '4test']); align=none; z-score from train only
      Train: (320, 3, 1000), Val: (80, 3, 1000), Test: (320, 3, 1000)
      Loaded pretrained weights (seed 42)
      Epoch 50/500, TrLoss: 0.4985, ValAcc: 0.9000, ValLoss: 0.2806
      Epoch 100/500, TrLoss: 0.4046, ValAcc: 0.8625, ValLoss: 0.3064
      Epoch 150/500, TrLoss: 0.4490, ValAcc: 0.8750, ValLoss: 0.3065
      Early stop at epoch 193 (no val improve for 150 epochs)
      Best ValAcc: 0.9250 -> Test (single eval): 0.8688
    [within] Running mean: 83.10% (6/9)
    [no-leakage] Subject 7: train=320 val=80 (sessions ['0train', '1train', '2train']), test=320 (sessions ['3test', '4test']); align=none; z-score from train only
      Train: (320, 3, 1000), Val: (80, 3, 1000), Test: (320, 3, 1000)
      Loaded pretrained weights (seed 42)
      Epoch 50/500, TrLoss: 0.4577, ValAcc: 0.8875, ValLoss: 0.3108
      Epoch 100/500, TrLoss: 0.3919, ValAcc: 0.8625, ValLoss: 0.3654
      Epoch 150/500, TrLoss: 0.4484, ValAcc: 0.8375, ValLoss: 0.3483
      Early stop at epoch 159 (no val improve for 150 epochs)
      Best ValAcc: 0.9375 -> Test (single eval): 0.8875
    [within] Running mean: 83.90% (7/9)
    [no-leakage] Subject 8: train=352 val=88 (sessions ['0train', '1train', '2train']), test=320 (sessions ['3test', '4test']); align=none; z-score from train only
      Train: (352, 3, 1000), Val: (88, 3, 1000), Test: (320, 3, 1000)
      Loaded pretrained weights (seed 42)
      Epoch 50/500, TrLoss: 0.4760, ValAcc: 0.8409, ValLoss: 0.3591
      Epoch 100/500, TrLoss: 0.3873, ValAcc: 0.8182, ValLoss: 0.3810
      Epoch 150/500, TrLoss: 0.4470, ValAcc: 0.8409, ValLoss: 0.4183
      Epoch 200/500, TrLoss: 0.4042, ValAcc: 0.8295, ValLoss: 0.3923
      Epoch 250/500, TrLoss: 0.4100, ValAcc: 0.8523, ValLoss: 0.3853
      Epoch 300/500, TrLoss: 0.4011, ValAcc: 0.8295, ValLoss: 0.4285
      Epoch 350/500, TrLoss: 0.3580, ValAcc: 0.7727, ValLoss: 0.4655
      Early stop at epoch 358 (no val improve for 150 epochs)
      Best ValAcc: 0.8750 -> Test (single eval): 0.9437
    [within] Running mean: 85.21% (8/9)
    [no-leakage] Subject 9: train=320 val=80 (sessions ['0train', '1train', '2train']), test=320 (sessions ['3test', '4test']); align=none; z-score from train only
      Train: (320, 3, 1000), Val: (80, 3, 1000), Test: (320, 3, 1000)
      Loaded pretrained weights (seed 42)
      Epoch 50/500, TrLoss: 0.5442, ValAcc: 0.8000, ValLoss: 0.3995
      Epoch 100/500, TrLoss: 0.4481, ValAcc: 0.8375, ValLoss: 0.4134
      Epoch 150/500, TrLoss: 0.4821, ValAcc: 0.7750, ValLoss: 0.4699
      Epoch 200/500, TrLoss: 0.3266, ValAcc: 0.6500, ValLoss: 0.5461
      Epoch 250/500, TrLoss: 0.4788, ValAcc: 0.7625, ValLoss: 0.5445
      Early stop at epoch 255 (no val improve for 150 epochs)
      Best ValAcc: 0.8375 -> Test (single eval): 0.8938
    [within] Running mean: 85.67% (9/9)

============================================================
FINAL RESULTS — WITHIN-SUBJECT iv2b_iv2bnone (UnifiedEEGNet)
============================================================
 subject  test_acc         model
       1  0.734375 UnifiedEEGNet
       2  0.685714 UnifiedEEGNet
       3  0.784375 UnifiedEEGNet
       4  0.965625 UnifiedEEGNet
       5  0.946875 UnifiedEEGNet
       6  0.868750 UnifiedEEGNet
       7  0.887500 UnifiedEEGNet
       8  0.943750 UnifiedEEGNet
       9  0.893750 UnifiedEEGNet

WITHIN-SUBJECT iv2b_iv2bnone Mean Accuracy: 0.8567 +/- 0.0997 (85.67%)
    saved -> /home/istiaqfuad/Desktop/last-bci/results_within_honest_iv2b_unified_iv2bnone.csv

[loso] Cross-subject (LOSO) for UnifiedEEGNet — no pretrain, from scratch...
    [no-leakage] LOSO test_subject=1: train=5220 val=580 from subjects [2, 3, 4, 5, 6, 7, 8, 9], test=720 (subject 1); align=none
      Train: (5220, 3, 1000), Val: (580, 3, 1000), Test: (720, 3, 1000)
      Epoch 50/500, TrLoss: 0.5247, ValAcc: 0.8190, ValLoss: 0.4259
      Epoch 100/500, TrLoss: 0.5126, ValAcc: 0.8172, ValLoss: 0.4235
      Epoch 150/500, TrLoss: 0.4951, ValAcc: 0.8207, ValLoss: 0.4122
      Epoch 200/500, TrLoss: 0.4976, ValAcc: 0.8190, ValLoss: 0.4202
      Epoch 250/500, TrLoss: 0.5037, ValAcc: 0.8172, ValLoss: 0.4172
      Epoch 300/500, TrLoss: 0.4767, ValAcc: 0.8207, ValLoss: 0.4170
      Early stop at epoch 310 (no val improve for 150 epochs)
      Best ValAcc: 0.8362 -> Test (single eval): 0.7486
    [loso] Running mean: 74.86% (1/9)
    [no-leakage] LOSO test_subject=2: train=5256 val=584 from subjects [1, 3, 4, 5, 6, 7, 8, 9], test=680 (subject 2); align=none
      Train: (5256, 3, 1000), Val: (584, 3, 1000), Test: (680, 3, 1000)
      Epoch 50/500, TrLoss: 0.5196, ValAcc: 0.8236, ValLoss: 0.4022
      Epoch 100/500, TrLoss: 0.5100, ValAcc: 0.8185, ValLoss: 0.4000
      Epoch 150/500, TrLoss: 0.5048, ValAcc: 0.8185, ValLoss: 0.3987
      Epoch 200/500, TrLoss: 0.4774, ValAcc: 0.8031, ValLoss: 0.3950
      Epoch 250/500, TrLoss: 0.4925, ValAcc: 0.8134, ValLoss: 0.3903
      Epoch 300/500, TrLoss: 0.4874, ValAcc: 0.8151, ValLoss: 0.3952
      Epoch 350/500, TrLoss: 0.4735, ValAcc: 0.8185, ValLoss: 0.3863
      Epoch 400/500, TrLoss: 0.4765, ValAcc: 0.8236, ValLoss: 0.3825
      Epoch 450/500, TrLoss: 0.4632, ValAcc: 0.8219, ValLoss: 0.3922
      Early stop at epoch 477 (no val improve for 150 epochs)
      Best ValAcc: 0.8408 -> Test (single eval): 0.6971
    [loso] Running mean: 72.28% (2/9)
    [no-leakage] LOSO test_subject=3: train=5220 val=580 from subjects [1, 2, 4, 5, 6, 7, 8, 9], test=720 (subject 3); align=none
      Train: (5220, 3, 1000), Val: (580, 3, 1000), Test: (720, 3, 1000)
      Epoch 50/500, TrLoss: 0.5091, ValAcc: 0.8552, ValLoss: 0.3870
      Epoch 100/500, TrLoss: 0.4907, ValAcc: 0.8586, ValLoss: 0.3833
      Epoch 150/500, TrLoss: 0.4870, ValAcc: 0.8448, ValLoss: 0.3790
      Epoch 200/500, TrLoss: 0.4832, ValAcc: 0.8345, ValLoss: 0.3759
      Epoch 250/500, TrLoss: 0.4875, ValAcc: 0.8397, ValLoss: 0.3839
      Epoch 300/500, TrLoss: 0.4595, ValAcc: 0.8397, ValLoss: 0.3735
      Epoch 350/500, TrLoss: 0.4755, ValAcc: 0.8500, ValLoss: 0.3747
      Epoch 400/500, TrLoss: 0.4641, ValAcc: 0.8448, ValLoss: 0.3771
      Early stop at epoch 415 (no val improve for 150 epochs)
      Best ValAcc: 0.8707 -> Test (single eval): 0.5944
    [loso] Running mean: 68.00% (3/9)
    [no-leakage] LOSO test_subject=4: train=5202 val=578 from subjects [1, 2, 3, 5, 6, 7, 8, 9], test=740 (subject 4); align=none
      Train: (5202, 3, 1000), Val: (578, 3, 1000), Test: (740, 3, 1000)
      Epoch 50/500, TrLoss: 0.5487, ValAcc: 0.8253, ValLoss: 0.4244
      Epoch 100/500, TrLoss: 0.5371, ValAcc: 0.8391, ValLoss: 0.4118
      Epoch 150/500, TrLoss: 0.5315, ValAcc: 0.8218, ValLoss: 0.4048
      Epoch 200/500, TrLoss: 0.5273, ValAcc: 0.8287, ValLoss: 0.4069
      Epoch 250/500, TrLoss: 0.5140, ValAcc: 0.8478, ValLoss: 0.3965
      Epoch 300/500, TrLoss: 0.5038, ValAcc: 0.8408, ValLoss: 0.3916
      Epoch 350/500, TrLoss: 0.5006, ValAcc: 0.8201, ValLoss: 0.3994
      Epoch 400/500, TrLoss: 0.4936, ValAcc: 0.8356, ValLoss: 0.3914
      Early stop at epoch 423 (no val improve for 150 epochs)
      Best ValAcc: 0.8547 -> Test (single eval): 0.8459
    [loso] Running mean: 72.15% (4/9)
    [no-leakage] LOSO test_subject=5: train=5202 val=578 from subjects [1, 2, 3, 4, 6, 7, 8, 9], test=740 (subject 5); align=none
      Train: (5202, 3, 1000), Val: (578, 3, 1000), Test: (740, 3, 1000)
      Epoch 50/500, TrLoss: 0.5427, ValAcc: 0.8391, ValLoss: 0.4107
      Epoch 100/500, TrLoss: 0.5254, ValAcc: 0.8391, ValLoss: 0.3979
      Epoch 150/500, TrLoss: 0.5253, ValAcc: 0.8408, ValLoss: 0.3898
      Epoch 200/500, TrLoss: 0.5189, ValAcc: 0.8426, ValLoss: 0.3898
      Epoch 250/500, TrLoss: 0.5063, ValAcc: 0.8512, ValLoss: 0.3734
      Epoch 300/500, TrLoss: 0.4995, ValAcc: 0.8529, ValLoss: 0.3706
      Epoch 350/500, TrLoss: 0.4946, ValAcc: 0.8495, ValLoss: 0.3696
      Early stop at epoch 392 (no val improve for 150 epochs)
      Best ValAcc: 0.8668 -> Test (single eval): 0.8432
    [loso] Running mean: 74.59% (5/9)
    [no-leakage] LOSO test_subject=6: train=5220 val=580 from subjects [1, 2, 3, 4, 5, 7, 8, 9], test=720 (subject 6); align=none
      Train: (5220, 3, 1000), Val: (580, 3, 1000), Test: (720, 3, 1000)
      Epoch 50/500, TrLoss: 0.5205, ValAcc: 0.8069, ValLoss: 0.4216
      Epoch 100/500, TrLoss: 0.5036, ValAcc: 0.8000, ValLoss: 0.4143
      Epoch 150/500, TrLoss: 0.5057, ValAcc: 0.8121, ValLoss: 0.4103
      Epoch 200/500, TrLoss: 0.4985, ValAcc: 0.7897, ValLoss: 0.4213
      Epoch 250/500, TrLoss: 0.5021, ValAcc: 0.7948, ValLoss: 0.4122
      Epoch 300/500, TrLoss: 0.4804, ValAcc: 0.8172, ValLoss: 0.3953
      Epoch 350/500, TrLoss: 0.4922, ValAcc: 0.7914, ValLoss: 0.4134
      Epoch 400/500, TrLoss: 0.4796, ValAcc: 0.8000, ValLoss: 0.4079
      Epoch 450/500, TrLoss: 0.4878, ValAcc: 0.8069, ValLoss: 0.3952
      Early stop at epoch 475 (no val improve for 150 epochs)
      Best ValAcc: 0.8241 -> Test (single eval): 0.8069
    [loso] Running mean: 75.60% (6/9)
    [no-leakage] LOSO test_subject=7: train=5220 val=580 from subjects [1, 2, 3, 4, 5, 6, 8, 9], test=720 (subject 7); align=none
      Train: (5220, 3, 1000), Val: (580, 3, 1000), Test: (720, 3, 1000)
      Epoch 50/500, TrLoss: 0.5229, ValAcc: 0.8000, ValLoss: 0.4317
      Epoch 100/500, TrLoss: 0.5107, ValAcc: 0.8103, ValLoss: 0.4229
      Epoch 150/500, TrLoss: 0.5086, ValAcc: 0.8172, ValLoss: 0.4199
      Epoch 200/500, TrLoss: 0.5063, ValAcc: 0.7845, ValLoss: 0.4256
      Epoch 250/500, TrLoss: 0.5077, ValAcc: 0.8017, ValLoss: 0.4202
      Epoch 300/500, TrLoss: 0.4798, ValAcc: 0.8052, ValLoss: 0.4169
      Epoch 350/500, TrLoss: 0.4960, ValAcc: 0.8017, ValLoss: 0.4222
      Early stop at epoch 378 (no val improve for 150 epochs)
      Best ValAcc: 0.8241 -> Test (single eval): 0.8319
    [loso] Running mean: 76.69% (7/9)
    [no-leakage] LOSO test_subject=8: train=5184 val=576 from subjects [1, 2, 3, 4, 5, 6, 7, 9], test=760 (subject 8); align=none
      Train: (5184, 3, 1000), Val: (576, 3, 1000), Test: (760, 3, 1000)
      Epoch 50/500, TrLoss: 0.5332, ValAcc: 0.8247, ValLoss: 0.3955
      Epoch 100/500, TrLoss: 0.5140, ValAcc: 0.8351, ValLoss: 0.3781
      Epoch 150/500, TrLoss: 0.5072, ValAcc: 0.8420, ValLoss: 0.3744
      Epoch 200/500, TrLoss: 0.4966, ValAcc: 0.8542, ValLoss: 0.3624
      Epoch 250/500, TrLoss: 0.4955, ValAcc: 0.8472, ValLoss: 0.3621
      Epoch 300/500, TrLoss: 0.4909, ValAcc: 0.8542, ValLoss: 0.3651
      Epoch 350/500, TrLoss: 0.4847, ValAcc: 0.8507, ValLoss: 0.3628
      Epoch 400/500, TrLoss: 0.4938, ValAcc: 0.8594, ValLoss: 0.3562
      Early stop at epoch 442 (no val improve for 150 epochs)
      Best ValAcc: 0.8646 -> Test (single eval): 0.7289
    [loso] Running mean: 76.21% (8/9)
    [no-leakage] LOSO test_subject=9: train=5220 val=580 from subjects [1, 2, 3, 4, 5, 6, 7, 8], test=720 (subject 9); align=none
      Train: (5220, 3, 1000), Val: (580, 3, 1000), Test: (720, 3, 1000)
      Epoch 50/500, TrLoss: 0.5150, ValAcc: 0.8155, ValLoss: 0.4079
      Epoch 100/500, TrLoss: 0.5011, ValAcc: 0.8224, ValLoss: 0.3940
      Epoch 150/500, TrLoss: 0.5024, ValAcc: 0.8224, ValLoss: 0.3989
      Epoch 200/500, TrLoss: 0.4974, ValAcc: 0.8259, ValLoss: 0.3954
      Epoch 250/500, TrLoss: 0.4929, ValAcc: 0.8207, ValLoss: 0.3977
      Epoch 300/500, TrLoss: 0.4769, ValAcc: 0.8224, ValLoss: 0.3886
      Epoch 350/500, TrLoss: 0.4854, ValAcc: 0.8172, ValLoss: 0.3957
      Epoch 400/500, TrLoss: 0.4753, ValAcc: 0.8069, ValLoss: 0.3906
      Epoch 450/500, TrLoss: 0.4835, ValAcc: 0.8310, ValLoss: 0.3833
      Early stop at epoch 476 (no val improve for 150 epochs)
      Best ValAcc: 0.8362 -> Test (single eval): 0.7514
    [loso] Running mean: 76.09% (9/9)

============================================================
FINAL RESULTS — CROSS-SUBJECT LOSO iv2b_iv2bnone (UnifiedEEGNet)
============================================================
 subject  test_acc         model
       1  0.748611 UnifiedEEGNet
       2  0.697059 UnifiedEEGNet
       3  0.594444 UnifiedEEGNet
       4  0.845946 UnifiedEEGNet
       5  0.843243 UnifiedEEGNet
       6  0.806944 UnifiedEEGNet
       7  0.831944 UnifiedEEGNet
       8  0.728947 UnifiedEEGNet
       9  0.751389 UnifiedEEGNet

CROSS-SUBJECT LOSO iv2b_iv2bnone Mean Accuracy: 0.7609 +/- 0.0823 (76.09%)
    saved -> /home/istiaqfuad/Desktop/last-bci/results_loso_iv2b_unified_iv2bnone.csv

============================================================
SUMMARY (UnifiedEEGNet, iv2b)
  within    : 85.67%
  loso      : 76.09%
