Model: UnifiedEEGNet (unified) | Protocol: within | band=0.5-100.0Hz expand=1 val_frac=0.2 refit=False align=none tag='base9'
Device: cuda
  GPU: NVIDIA GeForce RTX 2070 SUPER

Loading BCI Competition IV-2a (MOABB)...
Choosing from all possible events
    X: (5184, 22, 1001), y: (5184,)
    Subjects: [1, 2, 3, 4, 5, 6, 7, 8, 9]

[within] Pretraining UnifiedEEGNet on session 1 of all subjects...
    Pretrain data: (2592, 22, 1000) trials, 4 classes, align=none
    Pre-training on 2592 trials (session 1 of all subjects)
      Pretrain epoch 50/200, Loss: 0.9673
      Pretrain epoch 100/200, Loss: 0.9160
      Pretrain epoch 150/200, Loss: 0.8591
      Pretrain epoch 200/200, Loss: 0.8349
    Saved pretrained model to /home/istiaqfuad/Desktop/last-bci/models/pretrained_unified_none_base9.pt

[within] Fine-tuning UnifiedEEGNet per subject (val_frac=0.2, expand=1, refit=False)...
    [no-leakage] Subject 1: train=232 val=56 (session 0train), test=288 (session 1test); align=none; z-score from train only
      Train: (232, 22, 1000), Val: (56, 22, 1000), Test: (288, 22, 1000)
      Loaded pretrained weights (seed 42)
      Epoch 50/500, TrLoss: 0.9637, ValAcc: 0.8750, ValLoss: 0.3207
      Epoch 100/500, TrLoss: 0.8066, ValAcc: 0.8750, ValLoss: 0.3715
      Epoch 150/500, TrLoss: 0.7126, ValAcc: 0.8750, ValLoss: 0.4006
      Early stop at epoch 161 (no val improve for 150 epochs)
      Best ValAcc: 0.9286 -> Test (single eval): 0.8368
    [within] Running mean: 83.68% (1/9)
    [no-leakage] Subject 2: train=232 val=56 (session 0train), test=288 (session 1test); align=none; z-score from train only
      Train: (232, 22, 1000), Val: (56, 22, 1000), Test: (288, 22, 1000)
      Loaded pretrained weights (seed 42)
      Epoch 50/500, TrLoss: 1.1016, ValAcc: 0.9643, ValLoss: 0.4604
      Epoch 100/500, TrLoss: 0.8465, ValAcc: 0.8214, ValLoss: 0.5140
      Epoch 150/500, TrLoss: 0.7602, ValAcc: 0.8036, ValLoss: 0.5958
      Epoch 200/500, TrLoss: 0.7899, ValAcc: 0.7679, ValLoss: 0.6346
      Early stop at epoch 200 (no val improve for 150 epochs)
      Best ValAcc: 0.9643 -> Test (single eval): 0.5764
    [within] Running mean: 70.66% (2/9)
    [no-leakage] Subject 3: train=232 val=56 (session 0train), test=288 (session 1test); align=none; z-score from train only
      Train: (232, 22, 1000), Val: (56, 22, 1000), Test: (288, 22, 1000)
      Loaded pretrained weights (seed 42)
      Epoch 50/500, TrLoss: 0.9551, ValAcc: 0.9643, ValLoss: 0.1716
      Epoch 100/500, TrLoss: 0.7383, ValAcc: 0.9821, ValLoss: 0.2231
      Epoch 150/500, TrLoss: 0.6393, ValAcc: 0.9643, ValLoss: 0.2369
      Epoch 200/500, TrLoss: 0.6897, ValAcc: 0.7679, ValLoss: 0.5570
      Epoch 250/500, TrLoss: 0.8098, ValAcc: 0.9464, ValLoss: 0.3817
      Epoch 300/500, TrLoss: 0.7965, ValAcc: 0.9286, ValLoss: 0.3270
      Epoch 350/500, TrLoss: 0.7768, ValAcc: 0.9286, ValLoss: 0.3260
      Epoch 400/500, TrLoss: 0.7751, ValAcc: 0.9821, ValLoss: 0.2593
      Epoch 450/500, TrLoss: 0.4932, ValAcc: 0.9821, ValLoss: 0.2755
      Early stop at epoch 463 (no val improve for 150 epochs)
      Best ValAcc: 1.0000 -> Test (single eval): 0.9236
    [within] Running mean: 77.89% (3/9)
    [no-leakage] Subject 4: train=232 val=56 (session 0train), test=288 (session 1test); align=none; z-score from train only
      Train: (232, 22, 1000), Val: (56, 22, 1000), Test: (288, 22, 1000)
      Loaded pretrained weights (seed 42)
      Epoch 50/500, TrLoss: 1.0759, ValAcc: 0.8393, ValLoss: 0.5013
      Epoch 100/500, TrLoss: 0.8403, ValAcc: 0.9107, ValLoss: 0.4506
      Epoch 150/500, TrLoss: 0.7447, ValAcc: 0.8393, ValLoss: 0.5504
      Epoch 200/500, TrLoss: 0.8509, ValAcc: 0.8571, ValLoss: 0.5097
      Early stop at epoch 237 (no val improve for 150 epochs)
      Best ValAcc: 0.9286 -> Test (single eval): 0.7639
    [within] Running mean: 77.52% (4/9)
    [no-leakage] Subject 5: train=232 val=56 (session 0train), test=288 (session 1test); align=none; z-score from train only
      Train: (232, 22, 1000), Val: (56, 22, 1000), Test: (288, 22, 1000)
      Loaded pretrained weights (seed 42)
      Epoch 50/500, TrLoss: 1.0878, ValAcc: 0.8036, ValLoss: 0.5722
      Epoch 100/500, TrLoss: 0.8268, ValAcc: 0.8036, ValLoss: 0.6141
      Epoch 150/500, TrLoss: 0.7278, ValAcc: 0.7679, ValLoss: 0.6107
      Epoch 200/500, TrLoss: 0.8013, ValAcc: 0.5893, ValLoss: 0.9238
      Epoch 250/500, TrLoss: 0.8836, ValAcc: 0.7143, ValLoss: 0.7931
      Early stop at epoch 253 (no val improve for 150 epochs)
      Best ValAcc: 0.8571 -> Test (single eval): 0.5972
    [within] Running mean: 73.96% (5/9)
    [no-leakage] Subject 6: train=232 val=56 (session 0train), test=288 (session 1test); align=none; z-score from train only
      Train: (232, 22, 1000), Val: (56, 22, 1000), Test: (288, 22, 1000)
      Loaded pretrained weights (seed 42)
      Epoch 50/500, TrLoss: 1.0218, ValAcc: 0.8571, ValLoss: 0.3887
      Epoch 100/500, TrLoss: 0.8199, ValAcc: 0.8214, ValLoss: 0.4798
      Epoch 150/500, TrLoss: 0.7253, ValAcc: 0.7321, ValLoss: 0.6077
      Early stop at epoch 160 (no val improve for 150 epochs)
      Best ValAcc: 0.9286 -> Test (single eval): 0.6111
    [within] Running mean: 71.82% (6/9)
    [no-leakage] Subject 7: train=232 val=56 (session 0train), test=288 (session 1test); align=none; z-score from train only
      Train: (232, 22, 1000), Val: (56, 22, 1000), Test: (288, 22, 1000)
      Loaded pretrained weights (seed 42)
      Epoch 50/500, TrLoss: 0.9871, ValAcc: 0.8750, ValLoss: 0.3791
      Epoch 100/500, TrLoss: 0.7596, ValAcc: 0.8750, ValLoss: 0.3694
      Epoch 150/500, TrLoss: 0.7059, ValAcc: 0.8571, ValLoss: 0.5044
      Epoch 200/500, TrLoss: 0.7270, ValAcc: 0.8393, ValLoss: 0.5350
      Epoch 250/500, TrLoss: 0.7847, ValAcc: 0.8214, ValLoss: 0.5226
      Epoch 300/500, TrLoss: 0.7913, ValAcc: 0.8571, ValLoss: 0.4247
      Epoch 350/500, TrLoss: 0.7744, ValAcc: 0.8571, ValLoss: 0.4403
      Epoch 400/500, TrLoss: 0.7905, ValAcc: 0.8929, ValLoss: 0.4221
      Epoch 450/500, TrLoss: 0.5001, ValAcc: 0.8750, ValLoss: 0.4572
      Epoch 500/500, TrLoss: 0.5924, ValAcc: 0.8393, ValLoss: 0.4924
      Best ValAcc: 0.9107 -> Test (single eval): 0.8021
    [within] Running mean: 73.02% (7/9)
    [no-leakage] Subject 8: train=232 val=56 (session 0train), test=288 (session 1test); align=none; z-score from train only
      Train: (232, 22, 1000), Val: (56, 22, 1000), Test: (288, 22, 1000)
      Loaded pretrained weights (seed 42)
      Epoch 50/500, TrLoss: 0.9160, ValAcc: 0.9643, ValLoss: 0.2385
      Epoch 100/500, TrLoss: 0.7454, ValAcc: 0.9107, ValLoss: 0.2881
      Epoch 150/500, TrLoss: 0.6606, ValAcc: 0.8750, ValLoss: 0.3462
      Epoch 200/500, TrLoss: 0.7194, ValAcc: 0.9286, ValLoss: 0.2988
      Early stop at epoch 247 (no val improve for 150 epochs)
      Best ValAcc: 0.9821 -> Test (single eval): 0.8611
    [within] Running mean: 74.65% (8/9)
    [no-leakage] Subject 9: train=232 val=56 (session 0train), test=288 (session 1test); align=none; z-score from train only
      Train: (232, 22, 1000), Val: (56, 22, 1000), Test: (288, 22, 1000)
      Loaded pretrained weights (seed 42)
      Epoch 50/500, TrLoss: 0.9704, ValAcc: 0.9643, ValLoss: 0.2285
      Epoch 100/500, TrLoss: 0.7812, ValAcc: 0.9286, ValLoss: 0.2910
      Epoch 150/500, TrLoss: 0.7048, ValAcc: 0.9821, ValLoss: 0.3070
      Epoch 200/500, TrLoss: 0.7258, ValAcc: 0.8750, ValLoss: 0.4174
      Early stop at epoch 217 (no val improve for 150 epochs)
      Best ValAcc: 0.9821 -> Test (single eval): 0.8299
    [within] Running mean: 75.58% (9/9)

============================================================
FINAL RESULTS — WITHIN-SUBJECT (honest)_base9 (UnifiedEEGNet)
============================================================
 subject  test_acc         model
       1  0.836806 UnifiedEEGNet
       2  0.576389 UnifiedEEGNet
       3  0.923611 UnifiedEEGNet
       4  0.763889 UnifiedEEGNet
       5  0.597222 UnifiedEEGNet
       6  0.611111 UnifiedEEGNet
       7  0.802083 UnifiedEEGNet
       8  0.861111 UnifiedEEGNet
       9  0.829861 UnifiedEEGNet

WITHIN-SUBJECT (honest)_base9 Mean Accuracy: 0.7558 +/- 0.1283 (75.58%)
    saved -> /home/istiaqfuad/Desktop/last-bci/results_within_honest_unified_base9.csv

============================================================
SUMMARY (UnifiedEEGNet)
  within  : 75.58%
Reference SOTA (within-subject, 4-class): CTNet 82.52 / MSCARNet 82.66 / EEGEncoder 86.46
