Model: UnifiedEEGNet (unified) | Protocol: within | band=0.5-100.0Hz expand=1 val_frac=0.2 refit=False tag='ctrl'
Device: cuda
  GPU: NVIDIA GeForce RTX 2070 SUPER

Loading BCI Competition IV-2a (MOABB)...
Choosing from all possible events
    X: (5184, 22, 1001), y: (5184,)
    Subjects: [1, 2, 3, 4, 5, 6, 7, 8, 9]

[within] Pretraining UnifiedEEGNet on session 1 of all subjects...
    Pretrain data: (2592, 22, 1000) trials, 4 classes
    Pre-training on 2592 trials (session 1 of all subjects)
      Pretrain epoch 50/200, Loss: 0.9673
      Pretrain epoch 100/200, Loss: 0.9160
      Pretrain epoch 150/200, Loss: 0.8591
      Pretrain epoch 200/200, Loss: 0.8349
    Saved pretrained model to /home/istiaqfuad/Desktop/last-bci/models/pretrained_unified_ctrl.pt

[within] Fine-tuning UnifiedEEGNet per subject (val_frac=0.2, expand=1, refit=False)...
    [no-leakage] Subject 2: train=232 val=56 (session 0train), test=288 (session 1test); z-score from train only
      Train: (232, 22, 1000), Val: (56, 22, 1000), Test: (288, 22, 1000)
      Loaded pretrained weights (seed 42)
      Epoch 50/500, TrLoss: 1.1016, ValAcc: 0.9643, ValLoss: 0.4613
      Epoch 100/500, TrLoss: 0.8465, ValAcc: 0.8214, ValLoss: 0.5152
      Epoch 150/500, TrLoss: 0.7602, ValAcc: 0.8036, ValLoss: 0.5975
      Epoch 200/500, TrLoss: 0.7899, ValAcc: 0.7679, ValLoss: 0.6286
      Early stop at epoch 200 (no val improve for 150 epochs)
      Best ValAcc: 0.9643 -> Test (single eval): 0.5764
    [within] Running mean: 57.64% (1/3)
    [no-leakage] Subject 3: train=232 val=56 (session 0train), test=288 (session 1test); z-score from train only
      Train: (232, 22, 1000), Val: (56, 22, 1000), Test: (288, 22, 1000)
      Loaded pretrained weights (seed 42)
      Epoch 50/500, TrLoss: 0.9551, ValAcc: 0.9643, ValLoss: 0.1714
      Epoch 100/500, TrLoss: 0.7383, ValAcc: 0.9821, ValLoss: 0.2243
      Epoch 150/500, TrLoss: 0.6393, ValAcc: 0.9643, ValLoss: 0.2393
      Epoch 200/500, TrLoss: 0.6897, ValAcc: 0.7679, ValLoss: 0.5485
      Epoch 250/500, TrLoss: 0.8098, ValAcc: 0.9643, ValLoss: 0.3681
      Epoch 300/500, TrLoss: 0.7965, ValAcc: 0.9286, ValLoss: 0.3315
      Epoch 350/500, TrLoss: 0.7768, ValAcc: 0.8929, ValLoss: 0.3422
      Epoch 400/500, TrLoss: 0.7751, ValAcc: 0.9464, ValLoss: 0.2830
      Epoch 450/500, TrLoss: 0.4932, ValAcc: 0.9643, ValLoss: 0.2690
      Early stop at epoch 461 (no val improve for 150 epochs)
      Best ValAcc: 1.0000 -> Test (single eval): 0.8854
    [within] Running mean: 73.09% (2/3)
    [no-leakage] Subject 5: train=232 val=56 (session 0train), test=288 (session 1test); z-score from train only
      Train: (232, 22, 1000), Val: (56, 22, 1000), Test: (288, 22, 1000)
      Loaded pretrained weights (seed 42)
      Epoch 50/500, TrLoss: 1.0878, ValAcc: 0.8036, ValLoss: 0.5722
      Epoch 100/500, TrLoss: 0.8268, ValAcc: 0.8214, ValLoss: 0.6126
      Epoch 150/500, TrLoss: 0.7278, ValAcc: 0.7857, ValLoss: 0.6126
      Epoch 200/500, TrLoss: 0.8013, ValAcc: 0.5893, ValLoss: 0.9318
      Epoch 250/500, TrLoss: 0.8836, ValAcc: 0.7500, ValLoss: 0.7797
      Early stop at epoch 253 (no val improve for 150 epochs)
      Best ValAcc: 0.8571 -> Test (single eval): 0.5903
    [within] Running mean: 68.40% (3/3)

============================================================
FINAL RESULTS — WITHIN-SUBJECT (honest)_ctrl (UnifiedEEGNet)
============================================================
 subject  test_acc         model
       2  0.576389 UnifiedEEGNet
       3  0.885417 UnifiedEEGNet
       5  0.590278 UnifiedEEGNet

WITHIN-SUBJECT (honest)_ctrl Mean Accuracy: 0.6840 +/- 0.1745 (68.40%)
    saved -> /home/istiaqfuad/Desktop/last-bci/results_within_honest_unified_ctrl.csv

============================================================
SUMMARY (UnifiedEEGNet)
  within  : 68.40%
Reference SOTA (within-subject, 4-class): CTNet 82.52 / MSCARNet 82.66 / EEGEncoder 86.46
