Model: FreqAwareEEGNet (freqaware) | Protocol: within | band=0.5-100.0Hz expand=1 val_frac=0.2 refit=False align=ea tag='fqea3'
Device: cuda
  GPU: NVIDIA GeForce RTX 2070 SUPER

Loading BCI Competition IV-2a (MOABB)...
Choosing from all possible events
    X: (5184, 22, 1001), y: (5184,)
    Subjects: [1, 2, 3, 4, 5, 6, 7, 8, 9]

[within] Pretraining FreqAwareEEGNet on session 1 of all subjects...
    Pretrain data: (2592, 22, 1000) trials, 4 classes, align=ea
    Pre-training on 2592 trials (session 1 of all subjects)
      Pretrain epoch 50/200, Loss: 0.8088
      Pretrain epoch 100/200, Loss: 0.7268
      Pretrain epoch 150/200, Loss: 0.6705
      Pretrain epoch 200/200, Loss: 0.6818
    Saved pretrained model to /home/istiaqfuad/Desktop/last-bci/models/pretrained_freqaware_ea_s42_fqea3.pt

[within] Fine-tuning FreqAwareEEGNet per subject (val_frac=0.2, expand=1, refit=False)...
    [no-leakage] Subject 2: train=232 val=56 (session 0train), test=288 (session 1test); align=ea; z-score from train only
      Train: (232, 22, 1000), Val: (56, 22, 1000), Test: (288, 22, 1000)
      Loaded pretrained weights (seed 42)
      Epoch 50/500, TrLoss: 0.9461, ValAcc: 0.9286, ValLoss: 0.3107
      Epoch 100/500, TrLoss: 0.7814, ValAcc: 0.8571, ValLoss: 0.3706
      Epoch 150/500, TrLoss: 0.6401, ValAcc: 0.8036, ValLoss: 0.4790
      Epoch 200/500, TrLoss: 0.6877, ValAcc: 0.8214, ValLoss: 0.6121
      Early stop at epoch 203 (no val improve for 150 epochs)
      Best ValAcc: 0.9464 -> Test (single eval): 0.6319
    [within] Running mean: 63.19% (1/3)
    [no-leakage] Subject 3: train=232 val=56 (session 0train), test=288 (session 1test); align=ea; z-score from train only
      Train: (232, 22, 1000), Val: (56, 22, 1000), Test: (288, 22, 1000)
      Loaded pretrained weights (seed 42)
      Epoch 50/500, TrLoss: 0.8595, ValAcc: 1.0000, ValLoss: 0.1446
      Epoch 100/500, TrLoss: 0.7100, ValAcc: 0.9821, ValLoss: 0.1982
      Epoch 150/500, TrLoss: 0.6225, ValAcc: 0.9464, ValLoss: 0.2765
      Early stop at epoch 188 (no val improve for 150 epochs)
      Best ValAcc: 1.0000 -> Test (single eval): 0.9236
    [within] Running mean: 77.78% (2/3)
    [no-leakage] Subject 5: train=232 val=56 (session 0train), test=288 (session 1test); align=ea; z-score from train only
      Train: (232, 22, 1000), Val: (56, 22, 1000), Test: (288, 22, 1000)
      Loaded pretrained weights (seed 42)
      Epoch 50/500, TrLoss: 0.9187, ValAcc: 0.9464, ValLoss: 0.2904
      Epoch 100/500, TrLoss: 0.7432, ValAcc: 0.9286, ValLoss: 0.3213
      Epoch 150/500, TrLoss: 0.6643, ValAcc: 0.8750, ValLoss: 0.4356
      Epoch 200/500, TrLoss: 0.6625, ValAcc: 0.8571, ValLoss: 0.4899
      Early stop at epoch 200 (no val improve for 150 epochs)
      Best ValAcc: 0.9464 -> Test (single eval): 0.5347
    [within] Running mean: 69.68% (3/3)

============================================================
FINAL RESULTS — WITHIN-SUBJECT (honest)_fqea3 (FreqAwareEEGNet)
============================================================
 subject  test_acc           model
       2  0.631944 FreqAwareEEGNet
       3  0.923611 FreqAwareEEGNet
       5  0.534722 FreqAwareEEGNet

WITHIN-SUBJECT (honest)_fqea3 Mean Accuracy: 0.6968 +/- 0.2024 (69.68%)
    saved -> /home/istiaqfuad/Desktop/last-bci/results_within_honest_freqaware_fqea3.csv

============================================================
SUMMARY (FreqAwareEEGNet)
  within  : 69.68%
Reference SOTA (within-subject, 4-class): CTNet 82.52 / MSCARNet 82.66 / EEGEncoder 86.46
