Model: UnifiedEEGNet (unified) | Protocol: loso | band=0.5-100.0Hz expand=1 val_frac=0.2 refit=False align=ea tag='leatta9s2'
Device: cuda
  GPU: NVIDIA GeForce RTX 2070 SUPER

Loading BCI Competition IV-2a (MOABB)...
Choosing from all possible events
    X: (5184, 22, 1001), y: (5184,)
    Subjects: [1, 2, 3, 4, 5, 6, 7, 8, 9]

[loso] Cross-subject (LOSO) for UnifiedEEGNet — no pretrain, from scratch...
    [no-leakage] LOSO test_subject=1: train=4148 val=460 from subjects [2, 3, 4, 5, 6, 7, 8, 9], test=576 (subject 1); align=ea
      Train: (4148, 22, 1000), Val: (460, 22, 1000), Test: (576, 22, 1000)
      Epoch 50/500, TrLoss: 0.9871, ValAcc: 0.7348, ValLoss: 0.7262
      Epoch 100/500, TrLoss: 0.9711, ValAcc: 0.8022, ValLoss: 0.6292
      Epoch 150/500, TrLoss: 0.9340, ValAcc: 0.8087, ValLoss: 0.5868
      Epoch 200/500, TrLoss: 0.8819, ValAcc: 0.8348, ValLoss: 0.5426
      Epoch 250/500, TrLoss: 0.8642, ValAcc: 0.7913, ValLoss: 0.5569
      Epoch 300/500, TrLoss: 0.8591, ValAcc: 0.8065, ValLoss: 0.5358
      Epoch 350/500, TrLoss: 0.8575, ValAcc: 0.8130, ValLoss: 0.5406
      Epoch 400/500, TrLoss: 0.8529, ValAcc: 0.8109, ValLoss: 0.5435
      Epoch 450/500, TrLoss: 0.8209, ValAcc: 0.8022, ValLoss: 0.5299
      Epoch 500/500, TrLoss: 0.8440, ValAcc: 0.8152, ValLoss: 0.5332
      Best ValAcc: 0.8413 -> Test (single eval): 0.7535 | +TTA(5): 0.8038
    [loso] Running mean: 80.38% (1/9)
    [no-leakage] LOSO test_subject=2: train=4148 val=460 from subjects [1, 3, 4, 5, 6, 7, 8, 9], test=576 (subject 2); align=ea
      Train: (4148, 22, 1000), Val: (460, 22, 1000), Test: (576, 22, 1000)
      Epoch 50/500, TrLoss: 0.9361, ValAcc: 0.7717, ValLoss: 0.6717
      Epoch 100/500, TrLoss: 0.9285, ValAcc: 0.8087, ValLoss: 0.5666
      Epoch 150/500, TrLoss: 0.8963, ValAcc: 0.8152, ValLoss: 0.5193
      Epoch 200/500, TrLoss: 0.8510, ValAcc: 0.8217, ValLoss: 0.4960
      Epoch 250/500, TrLoss: 0.8264, ValAcc: 0.8109, ValLoss: 0.5038
      Epoch 300/500, TrLoss: 0.8183, ValAcc: 0.8457, ValLoss: 0.4651
      Epoch 350/500, TrLoss: 0.8179, ValAcc: 0.8435, ValLoss: 0.4694
      Epoch 400/500, TrLoss: 0.8163, ValAcc: 0.8413, ValLoss: 0.4687
      Epoch 450/500, TrLoss: 0.7831, ValAcc: 0.8304, ValLoss: 0.4626
      Epoch 500/500, TrLoss: 0.8023, ValAcc: 0.8478, ValLoss: 0.4624
      Best ValAcc: 0.8696 -> Test (single eval): 0.4809 | +TTA(5): 0.4792
    [loso] Running mean: 64.15% (2/9)
    [no-leakage] LOSO test_subject=3: train=4148 val=460 from subjects [1, 2, 4, 5, 6, 7, 8, 9], test=576 (subject 3); align=ea
      Train: (4148, 22, 1000), Val: (460, 22, 1000), Test: (576, 22, 1000)
      Epoch 50/500, TrLoss: 0.9978, ValAcc: 0.7196, ValLoss: 0.7560
      Epoch 100/500, TrLoss: 0.9768, ValAcc: 0.7717, ValLoss: 0.6373
      Epoch 150/500, TrLoss: 0.9387, ValAcc: 0.7913, ValLoss: 0.5986
      Epoch 200/500, TrLoss: 0.9012, ValAcc: 0.8043, ValLoss: 0.5647
      Epoch 250/500, TrLoss: 0.8730, ValAcc: 0.7804, ValLoss: 0.5863
      Epoch 300/500, TrLoss: 0.8742, ValAcc: 0.7957, ValLoss: 0.5520
      Epoch 350/500, TrLoss: 0.8515, ValAcc: 0.7935, ValLoss: 0.5563
      Epoch 400/500, TrLoss: 0.8542, ValAcc: 0.7957, ValLoss: 0.5583
      Epoch 450/500, TrLoss: 0.8223, ValAcc: 0.7783, ValLoss: 0.5679
      Epoch 500/500, TrLoss: 0.8397, ValAcc: 0.7891, ValLoss: 0.5614
      Best ValAcc: 0.8261 -> Test (single eval): 0.8628 | +TTA(5): 0.8576
    [loso] Running mean: 71.35% (3/9)
    [no-leakage] LOSO test_subject=4: train=4148 val=460 from subjects [1, 2, 3, 5, 6, 7, 8, 9], test=576 (subject 4); align=ea
      Train: (4148, 22, 1000), Val: (460, 22, 1000), Test: (576, 22, 1000)
      Epoch 50/500, TrLoss: 0.9577, ValAcc: 0.7304, ValLoss: 0.7041
      Epoch 100/500, TrLoss: 0.9439, ValAcc: 0.7891, ValLoss: 0.6030
      Epoch 150/500, TrLoss: 0.9089, ValAcc: 0.7913, ValLoss: 0.5793
      Epoch 200/500, TrLoss: 0.8719, ValAcc: 0.8000, ValLoss: 0.5431
      Epoch 250/500, TrLoss: 0.8470, ValAcc: 0.8152, ValLoss: 0.5542
      Epoch 300/500, TrLoss: 0.8388, ValAcc: 0.8043, ValLoss: 0.5375
      Epoch 350/500, TrLoss: 0.8228, ValAcc: 0.8174, ValLoss: 0.5360
      Epoch 400/500, TrLoss: 0.8222, ValAcc: 0.8304, ValLoss: 0.5343
      Epoch 450/500, TrLoss: 0.8050, ValAcc: 0.8130, ValLoss: 0.5321
      Epoch 500/500, TrLoss: 0.8225, ValAcc: 0.8261, ValLoss: 0.5330
      Best ValAcc: 0.8370 -> Test (single eval): 0.4844 | +TTA(5): 0.5608
    [loso] Running mean: 67.53% (4/9)
    [no-leakage] LOSO test_subject=5: train=4148 val=460 from subjects [1, 2, 3, 4, 6, 7, 8, 9], test=576 (subject 5); align=ea
      Train: (4148, 22, 1000), Val: (460, 22, 1000), Test: (576, 22, 1000)
      Epoch 50/500, TrLoss: 0.9487, ValAcc: 0.7196, ValLoss: 0.7149
      Epoch 100/500, TrLoss: 0.9497, ValAcc: 0.7891, ValLoss: 0.6175
      Epoch 150/500, TrLoss: 0.9173, ValAcc: 0.7804, ValLoss: 0.5853
      Epoch 200/500, TrLoss: 0.8655, ValAcc: 0.8043, ValLoss: 0.5519
      Epoch 250/500, TrLoss: 0.8286, ValAcc: 0.7935, ValLoss: 0.5617
      Epoch 300/500, TrLoss: 0.8353, ValAcc: 0.8196, ValLoss: 0.5348
      Epoch 350/500, TrLoss: 0.8347, ValAcc: 0.8239, ValLoss: 0.5376
      Epoch 400/500, TrLoss: 0.8170, ValAcc: 0.8304, ValLoss: 0.5228
      Epoch 450/500, TrLoss: 0.7977, ValAcc: 0.8304, ValLoss: 0.5180
      Epoch 500/500, TrLoss: 0.8125, ValAcc: 0.8217, ValLoss: 0.5176
      Best ValAcc: 0.8457 -> Test (single eval): 0.5347 | +TTA(5): 0.5833
    [loso] Running mean: 65.69% (5/9)
    [no-leakage] LOSO test_subject=6: train=4148 val=460 from subjects [1, 2, 3, 4, 5, 7, 8, 9], test=576 (subject 6); align=ea
      Train: (4148, 22, 1000), Val: (460, 22, 1000), Test: (576, 22, 1000)
      Epoch 50/500, TrLoss: 0.9566, ValAcc: 0.7457, ValLoss: 0.7134
      Epoch 100/500, TrLoss: 0.9519, ValAcc: 0.8087, ValLoss: 0.6203
      Epoch 150/500, TrLoss: 0.9189, ValAcc: 0.7978, ValLoss: 0.5954
      Epoch 200/500, TrLoss: 0.8593, ValAcc: 0.8174, ValLoss: 0.5391
      Epoch 250/500, TrLoss: 0.8367, ValAcc: 0.8283, ValLoss: 0.5516
      Epoch 300/500, TrLoss: 0.8436, ValAcc: 0.8457, ValLoss: 0.5193
      Epoch 350/500, TrLoss: 0.8337, ValAcc: 0.8413, ValLoss: 0.5170
      Epoch 400/500, TrLoss: 0.8288, ValAcc: 0.8413, ValLoss: 0.5115
      Epoch 450/500, TrLoss: 0.8014, ValAcc: 0.8239, ValLoss: 0.5116
      Early stop at epoch 450 (no val improve for 150 epochs)
      Best ValAcc: 0.8457 -> Test (single eval): 0.5694 | +TTA(5): 0.5712
    [loso] Running mean: 64.27% (6/9)
    [no-leakage] LOSO test_subject=7: train=4148 val=460 from subjects [1, 2, 3, 4, 5, 6, 8, 9], test=576 (subject 7); align=ea
      Train: (4148, 22, 1000), Val: (460, 22, 1000), Test: (576, 22, 1000)
      Epoch 50/500, TrLoss: 0.9806, ValAcc: 0.7152, ValLoss: 0.7584
      Epoch 100/500, TrLoss: 0.9615, ValAcc: 0.7478, ValLoss: 0.6724
      Epoch 150/500, TrLoss: 0.9419, ValAcc: 0.7630, ValLoss: 0.6381
      Epoch 200/500, TrLoss: 0.8903, ValAcc: 0.7913, ValLoss: 0.5757
      Epoch 250/500, TrLoss: 0.8611, ValAcc: 0.7891, ValLoss: 0.5936
      Epoch 300/500, TrLoss: 0.8715, ValAcc: 0.8043, ValLoss: 0.5629
      Epoch 350/500, TrLoss: 0.8442, ValAcc: 0.8000, ValLoss: 0.5461
      Epoch 400/500, TrLoss: 0.8509, ValAcc: 0.8043, ValLoss: 0.5527
      Epoch 450/500, TrLoss: 0.8188, ValAcc: 0.8022, ValLoss: 0.5420
      Epoch 500/500, TrLoss: 0.8292, ValAcc: 0.7957, ValLoss: 0.5520
      Best ValAcc: 0.8261 -> Test (single eval): 0.6128 | +TTA(5): 0.6823
    [loso] Running mean: 64.83% (7/9)
    [no-leakage] LOSO test_subject=8: train=4148 val=460 from subjects [1, 2, 3, 4, 5, 6, 7, 9], test=576 (subject 8); align=ea
      Train: (4148, 22, 1000), Val: (460, 22, 1000), Test: (576, 22, 1000)
      Epoch 50/500, TrLoss: 0.9917, ValAcc: 0.7261, ValLoss: 0.7564
      Epoch 100/500, TrLoss: 0.9663, ValAcc: 0.7783, ValLoss: 0.6480
      Epoch 150/500, TrLoss: 0.9372, ValAcc: 0.8065, ValLoss: 0.6091
      Epoch 200/500, TrLoss: 0.8846, ValAcc: 0.8174, ValLoss: 0.5516
      Epoch 250/500, TrLoss: 0.8692, ValAcc: 0.8348, ValLoss: 0.5693
      Epoch 300/500, TrLoss: 0.8803, ValAcc: 0.8348, ValLoss: 0.5370
      Epoch 350/500, TrLoss: 0.8539, ValAcc: 0.8326, ValLoss: 0.5353
      Epoch 400/500, TrLoss: 0.8421, ValAcc: 0.8261, ValLoss: 0.5350
      Epoch 450/500, TrLoss: 0.8313, ValAcc: 0.8065, ValLoss: 0.5344
      Early stop at epoch 493 (no val improve for 150 epochs)
      Best ValAcc: 0.8391 -> Test (single eval): 0.7448 | +TTA(5): 0.7413
    [loso] Running mean: 65.99% (8/9)
    [no-leakage] LOSO test_subject=9: train=4148 val=460 from subjects [1, 2, 3, 4, 5, 6, 7, 8], test=576 (subject 9); align=ea
      Train: (4148, 22, 1000), Val: (460, 22, 1000), Test: (576, 22, 1000)
      Epoch 50/500, TrLoss: 0.9837, ValAcc: 0.7239, ValLoss: 0.7516
      Epoch 100/500, TrLoss: 0.9549, ValAcc: 0.7696, ValLoss: 0.6516
      Epoch 150/500, TrLoss: 0.9241, ValAcc: 0.8000, ValLoss: 0.6207
      Epoch 200/500, TrLoss: 0.8817, ValAcc: 0.8087, ValLoss: 0.5818
      Epoch 250/500, TrLoss: 0.8476, ValAcc: 0.8022, ValLoss: 0.5827
      Epoch 300/500, TrLoss: 0.8699, ValAcc: 0.8239, ValLoss: 0.5652
      Epoch 350/500, TrLoss: 0.8487, ValAcc: 0.8370, ValLoss: 0.5471
      Epoch 400/500, TrLoss: 0.8459, ValAcc: 0.8130, ValLoss: 0.5647
      Epoch 450/500, TrLoss: 0.8232, ValAcc: 0.8130, ValLoss: 0.5555
      Epoch 500/500, TrLoss: 0.8100, ValAcc: 0.8109, ValLoss: 0.5535
      Best ValAcc: 0.8413 -> Test (single eval): 0.6858 | +TTA(5): 0.7083
    [loso] Running mean: 66.53% (9/9)

============================================================
FINAL RESULTS — CROSS-SUBJECT LOSO_leatta9s2 (UnifiedEEGNet)
============================================================
 subject  test_acc         model
       1  0.803819 UnifiedEEGNet
       2  0.479167 UnifiedEEGNet
       3  0.857639 UnifiedEEGNet
       4  0.560764 UnifiedEEGNet
       5  0.583333 UnifiedEEGNet
       6  0.571181 UnifiedEEGNet
       7  0.682292 UnifiedEEGNet
       8  0.741319 UnifiedEEGNet
       9  0.708333 UnifiedEEGNet

CROSS-SUBJECT LOSO_leatta9s2 Mean Accuracy: 0.6653 +/- 0.1251 (66.53%)
    saved -> /home/istiaqfuad/Desktop/last-bci/results_loso_unified_leatta9s2.csv

============================================================
SUMMARY (UnifiedEEGNet)
  loso    : 66.53%
Reference SOTA (within-subject, 4-class): CTNet 82.52 / MSCARNet 82.66 / EEGEncoder 86.46
