Model: UnifiedEEGNet (unified) | Protocol: loso | band=0.5-100.0Hz expand=1 val_frac=0.2 refit=False align=ra tag='rs1'
Device: cuda
  GPU: NVIDIA GeForce RTX 2070 SUPER

Loading BCI Competition IV-2a (MOABB)...
Choosing from all possible events
    X: (5184, 22, 1001), y: (5184,)
    Subjects: [1, 2, 3, 4, 5, 6, 7, 8, 9]

[loso] Cross-subject (LOSO) for UnifiedEEGNet — no pretrain, from scratch...
    [no-leakage] LOSO test_subject=1: train=4148 val=460 from subjects [2, 3, 4, 5, 6, 7, 8, 9], test=576 (subject 1); align=ra
      Train: (4148, 22, 1000), Val: (460, 22, 1000), Test: (576, 22, 1000)
      Epoch 50/500, TrLoss: 1.0476, ValAcc: 0.7043, ValLoss: 0.8080
      Epoch 100/500, TrLoss: 0.9611, ValAcc: 0.7587, ValLoss: 0.6573
      Epoch 150/500, TrLoss: 0.8803, ValAcc: 0.7652, ValLoss: 0.6241
      Epoch 200/500, TrLoss: 0.9106, ValAcc: 0.7717, ValLoss: 0.5863
      Epoch 250/500, TrLoss: 0.9020, ValAcc: 0.7935, ValLoss: 0.5779
      Epoch 300/500, TrLoss: 0.8907, ValAcc: 0.8130, ValLoss: 0.5554
      Epoch 350/500, TrLoss: 0.8740, ValAcc: 0.8152, ValLoss: 0.5408
      Epoch 400/500, TrLoss: 0.8560, ValAcc: 0.8217, ValLoss: 0.5387
      Epoch 450/500, TrLoss: 0.8550, ValAcc: 0.8109, ValLoss: 0.5392
      Epoch 500/500, TrLoss: 0.8744, ValAcc: 0.8239, ValLoss: 0.5373
      Best ValAcc: 0.8413 -> Test (single eval): 0.7483 | +TTA(1,div1.0): 0.7882
    [loso] Running mean: 78.82% (1/9)
    [no-leakage] LOSO test_subject=2: train=4148 val=460 from subjects [1, 3, 4, 5, 6, 7, 8, 9], test=576 (subject 2); align=ra
      Train: (4148, 22, 1000), Val: (460, 22, 1000), Test: (576, 22, 1000)
      Epoch 50/500, TrLoss: 1.0152, ValAcc: 0.7130, ValLoss: 0.7418
      Epoch 100/500, TrLoss: 0.9318, ValAcc: 0.7935, ValLoss: 0.5848
      Epoch 150/500, TrLoss: 0.8316, ValAcc: 0.7978, ValLoss: 0.5538
      Epoch 200/500, TrLoss: 0.8716, ValAcc: 0.8043, ValLoss: 0.5067
      Epoch 250/500, TrLoss: 0.8705, ValAcc: 0.8261, ValLoss: 0.5077
      Epoch 300/500, TrLoss: 0.8592, ValAcc: 0.8261, ValLoss: 0.4946
      Epoch 350/500, TrLoss: 0.8352, ValAcc: 0.8435, ValLoss: 0.4639
      Epoch 400/500, TrLoss: 0.8217, ValAcc: 0.8239, ValLoss: 0.4826
      Epoch 450/500, TrLoss: 0.8234, ValAcc: 0.8261, ValLoss: 0.4852
      Epoch 500/500, TrLoss: 0.8374, ValAcc: 0.8478, ValLoss: 0.4762
      Best ValAcc: 0.8543 -> Test (single eval): 0.5052 | +TTA(1,div1.0): 0.4878
    [loso] Running mean: 63.80% (2/9)
    [no-leakage] LOSO test_subject=3: train=4148 val=460 from subjects [1, 2, 4, 5, 6, 7, 8, 9], test=576 (subject 3); align=ra
      Train: (4148, 22, 1000), Val: (460, 22, 1000), Test: (576, 22, 1000)
      Epoch 50/500, TrLoss: 1.0640, ValAcc: 0.6761, ValLoss: 0.8408
      Epoch 100/500, TrLoss: 0.9777, ValAcc: 0.7413, ValLoss: 0.6920
      Epoch 150/500, TrLoss: 0.8923, ValAcc: 0.7543, ValLoss: 0.6580
      Epoch 200/500, TrLoss: 0.9245, ValAcc: 0.7848, ValLoss: 0.6189
      Epoch 250/500, TrLoss: 0.9060, ValAcc: 0.8000, ValLoss: 0.6047
      Epoch 300/500, TrLoss: 0.8954, ValAcc: 0.8109, ValLoss: 0.5901
      Epoch 350/500, TrLoss: 0.8809, ValAcc: 0.8000, ValLoss: 0.5671
      Epoch 400/500, TrLoss: 0.8575, ValAcc: 0.7913, ValLoss: 0.5620
      Epoch 450/500, TrLoss: 0.8533, ValAcc: 0.8152, ValLoss: 0.5502
      Epoch 500/500, TrLoss: 0.8750, ValAcc: 0.8130, ValLoss: 0.5524
      Best ValAcc: 0.8261 -> Test (single eval): 0.8594 | +TTA(1,div1.0): 0.8264
    [loso] Running mean: 70.08% (3/9)
    [no-leakage] LOSO test_subject=4: train=4148 val=460 from subjects [1, 2, 3, 5, 6, 7, 8, 9], test=576 (subject 4); align=ra
      Train: (4148, 22, 1000), Val: (460, 22, 1000), Test: (576, 22, 1000)
      Epoch 50/500, TrLoss: 1.0150, ValAcc: 0.7152, ValLoss: 0.7619
      Epoch 100/500, TrLoss: 0.9396, ValAcc: 0.7565, ValLoss: 0.6462
      Epoch 150/500, TrLoss: 0.8561, ValAcc: 0.7500, ValLoss: 0.6369
      Epoch 200/500, TrLoss: 0.8881, ValAcc: 0.7935, ValLoss: 0.5836
      Epoch 250/500, TrLoss: 0.8809, ValAcc: 0.7870, ValLoss: 0.5825
      Epoch 300/500, TrLoss: 0.8581, ValAcc: 0.8022, ValLoss: 0.5669
      Epoch 350/500, TrLoss: 0.8500, ValAcc: 0.8109, ValLoss: 0.5393
      Epoch 400/500, TrLoss: 0.8354, ValAcc: 0.7935, ValLoss: 0.5316
      Epoch 450/500, TrLoss: 0.8325, ValAcc: 0.8022, ValLoss: 0.5448
      Epoch 500/500, TrLoss: 0.8568, ValAcc: 0.8174, ValLoss: 0.5508
      Best ValAcc: 0.8239 -> Test (single eval): 0.5312 | +TTA(1,div1.0): 0.5799
    [loso] Running mean: 67.06% (4/9)
    [no-leakage] LOSO test_subject=5: train=4148 val=460 from subjects [1, 2, 3, 4, 6, 7, 8, 9], test=576 (subject 5); align=ra
      Train: (4148, 22, 1000), Val: (460, 22, 1000), Test: (576, 22, 1000)
      Epoch 50/500, TrLoss: 1.0087, ValAcc: 0.7217, ValLoss: 0.7406
      Epoch 100/500, TrLoss: 0.9350, ValAcc: 0.7870, ValLoss: 0.6021
      Epoch 150/500, TrLoss: 0.8390, ValAcc: 0.7913, ValLoss: 0.5802
      Epoch 200/500, TrLoss: 0.8706, ValAcc: 0.8043, ValLoss: 0.5365
      Epoch 250/500, TrLoss: 0.8742, ValAcc: 0.7935, ValLoss: 0.5478
      Epoch 300/500, TrLoss: 0.8451, ValAcc: 0.8283, ValLoss: 0.5247
      Epoch 350/500, TrLoss: 0.8493, ValAcc: 0.8217, ValLoss: 0.4955
      Epoch 400/500, TrLoss: 0.8186, ValAcc: 0.8217, ValLoss: 0.4924
      Epoch 450/500, TrLoss: 0.8219, ValAcc: 0.8239, ValLoss: 0.5012
      Epoch 500/500, TrLoss: 0.8411, ValAcc: 0.8304, ValLoss: 0.5036
      Best ValAcc: 0.8522 -> Test (single eval): 0.5017 | +TTA(1,div1.0): 0.5764
    [loso] Running mean: 65.17% (5/9)
    [no-leakage] LOSO test_subject=6: train=4148 val=460 from subjects [1, 2, 3, 4, 5, 7, 8, 9], test=576 (subject 6); align=ra
      Train: (4148, 22, 1000), Val: (460, 22, 1000), Test: (576, 22, 1000)
      Epoch 50/500, TrLoss: 1.0100, ValAcc: 0.7087, ValLoss: 0.7461
      Epoch 100/500, TrLoss: 0.9486, ValAcc: 0.7761, ValLoss: 0.6131
      Epoch 150/500, TrLoss: 0.8573, ValAcc: 0.7935, ValLoss: 0.5946
      Epoch 200/500, TrLoss: 0.8912, ValAcc: 0.8043, ValLoss: 0.5497
      Epoch 250/500, TrLoss: 0.8782, ValAcc: 0.8261, ValLoss: 0.5505
      Epoch 300/500, TrLoss: 0.8609, ValAcc: 0.8326, ValLoss: 0.5330
      Epoch 350/500, TrLoss: 0.8562, ValAcc: 0.8109, ValLoss: 0.5247
      Epoch 400/500, TrLoss: 0.8343, ValAcc: 0.8217, ValLoss: 0.5043
      Epoch 450/500, TrLoss: 0.8265, ValAcc: 0.8239, ValLoss: 0.5235
      Epoch 500/500, TrLoss: 0.8566, ValAcc: 0.8152, ValLoss: 0.5225
      Best ValAcc: 0.8326 -> Test (single eval): 0.5729 | +TTA(1,div1.0): 0.5781
    [loso] Running mean: 63.95% (6/9)
    [no-leakage] LOSO test_subject=7: train=4148 val=460 from subjects [1, 2, 3, 4, 5, 6, 8, 9], test=576 (subject 7); align=ra
      Train: (4148, 22, 1000), Val: (460, 22, 1000), Test: (576, 22, 1000)
      Epoch 50/500, TrLoss: 1.0420, ValAcc: 0.6891, ValLoss: 0.7982
      Epoch 100/500, TrLoss: 0.9569, ValAcc: 0.7674, ValLoss: 0.6421
      Epoch 150/500, TrLoss: 0.8708, ValAcc: 0.7848, ValLoss: 0.6280
      Epoch 200/500, TrLoss: 0.9011, ValAcc: 0.8022, ValLoss: 0.5678
      Epoch 250/500, TrLoss: 0.8974, ValAcc: 0.8109, ValLoss: 0.5740
      Epoch 300/500, TrLoss: 0.8873, ValAcc: 0.8152, ValLoss: 0.5582
      Epoch 350/500, TrLoss: 0.8683, ValAcc: 0.8087, ValLoss: 0.5413
      Epoch 400/500, TrLoss: 0.8581, ValAcc: 0.8196, ValLoss: 0.5339
      Epoch 450/500, TrLoss: 0.8495, ValAcc: 0.8196, ValLoss: 0.5397
      Epoch 500/500, TrLoss: 0.8718, ValAcc: 0.8239, ValLoss: 0.5339
      Best ValAcc: 0.8326 -> Test (single eval): 0.6736 | +TTA(1,div1.0): 0.7118
    [loso] Running mean: 64.98% (7/9)
    [no-leakage] LOSO test_subject=8: train=4148 val=460 from subjects [1, 2, 3, 4, 5, 6, 7, 9], test=576 (subject 8); align=ra
      Train: (4148, 22, 1000), Val: (460, 22, 1000), Test: (576, 22, 1000)
      Epoch 50/500, TrLoss: 1.0475, ValAcc: 0.6935, ValLoss: 0.8245
      Epoch 100/500, TrLoss: 0.9748, ValAcc: 0.7717, ValLoss: 0.6682
      Epoch 150/500, TrLoss: 0.8816, ValAcc: 0.7783, ValLoss: 0.6421
      Epoch 200/500, TrLoss: 0.9098, ValAcc: 0.8022, ValLoss: 0.5773
      Epoch 250/500, TrLoss: 0.9104, ValAcc: 0.7957, ValLoss: 0.5855
      Epoch 300/500, TrLoss: 0.8847, ValAcc: 0.8022, ValLoss: 0.5646
      Epoch 350/500, TrLoss: 0.8839, ValAcc: 0.8196, ValLoss: 0.5400
      Epoch 400/500, TrLoss: 0.8623, ValAcc: 0.8196, ValLoss: 0.5354
      Early stop at epoch 428 (no val improve for 150 epochs)
      Best ValAcc: 0.8370 -> Test (single eval): 0.7483 | +TTA(1,div1.0): 0.7795
    [loso] Running mean: 66.60% (8/9)
    [no-leakage] LOSO test_subject=9: train=4148 val=460 from subjects [1, 2, 3, 4, 5, 6, 7, 8], test=576 (subject 9); align=ra
      Train: (4148, 22, 1000), Val: (460, 22, 1000), Test: (576, 22, 1000)
      Epoch 50/500, TrLoss: 1.0405, ValAcc: 0.6739, ValLoss: 0.8164
      Epoch 100/500, TrLoss: 0.9712, ValAcc: 0.7500, ValLoss: 0.6714
      Epoch 150/500, TrLoss: 0.8802, ValAcc: 0.7587, ValLoss: 0.6453
      Epoch 200/500, TrLoss: 0.9095, ValAcc: 0.7870, ValLoss: 0.5871
      Epoch 250/500, TrLoss: 0.9003, ValAcc: 0.7935, ValLoss: 0.5940
      Epoch 300/500, TrLoss: 0.8732, ValAcc: 0.7935, ValLoss: 0.5763
      Epoch 350/500, TrLoss: 0.8636, ValAcc: 0.8000, ValLoss: 0.5518
      Epoch 400/500, TrLoss: 0.8517, ValAcc: 0.8109, ValLoss: 0.5462
      Epoch 450/500, TrLoss: 0.8364, ValAcc: 0.8152, ValLoss: 0.5454
      Epoch 500/500, TrLoss: 0.8711, ValAcc: 0.8087, ValLoss: 0.5512
      Best ValAcc: 0.8304 -> Test (single eval): 0.6319 | +TTA(1,div1.0): 0.6823
    [loso] Running mean: 66.78% (9/9)

============================================================
FINAL RESULTS — CROSS-SUBJECT LOSO_rs1 (UnifiedEEGNet)
============================================================
 subject  test_acc         model
       1  0.788194 UnifiedEEGNet
       2  0.487847 UnifiedEEGNet
       3  0.826389 UnifiedEEGNet
       4  0.579861 UnifiedEEGNet
       5  0.576389 UnifiedEEGNet
       6  0.578125 UnifiedEEGNet
       7  0.711806 UnifiedEEGNet
       8  0.779514 UnifiedEEGNet
       9  0.682292 UnifiedEEGNet

CROSS-SUBJECT LOSO_rs1 Mean Accuracy: 0.6678 +/- 0.1177 (66.78%)
    saved -> /home/istiaqfuad/Desktop/last-bci/results_loso_unified_rs1.csv

============================================================
SUMMARY (UnifiedEEGNet)
  loso    : 66.78%
Reference SOTA (within-subject, 4-class): CTNet 82.52 / MSCARNet 82.66 / EEGEncoder 86.46
