Model: UnifiedEEGNet (unified) | Protocol: within | band=8.0-30.0Hz expand=1 val_frac=0.2 refit=False tag='b830'
Device: cuda
  GPU: NVIDIA GeForce RTX 2070 SUPER

Loading BCI Competition IV-2a (MOABB)...
Choosing from all possible events
    X: (5184, 22, 1001), y: (5184,)
    Subjects: [1, 2, 3, 4, 5, 6, 7, 8, 9]

[within] Pretraining UnifiedEEGNet on session 1 of all subjects...
    Pretrain data: (2592, 22, 1000) trials, 4 classes
    Pre-training on 2592 trials (session 1 of all subjects)
      Pretrain epoch 50/200, Loss: 1.0679
      Pretrain epoch 100/200, Loss: 0.9976
      Pretrain epoch 150/200, Loss: 0.9598
      Pretrain epoch 200/200, Loss: 0.9497
    Saved pretrained model to /home/istiaqfuad/Desktop/last-bci/models/pretrained_unified_b830.pt

[within] Fine-tuning UnifiedEEGNet per subject (val_frac=0.2, expand=1, refit=False)...
    [no-leakage] Subject 2: train=232 val=56 (session 0train), test=288 (session 1test); z-score from train only
      Train: (232, 22, 1000), Val: (56, 22, 1000), Test: (288, 22, 1000)
      Loaded pretrained weights (seed 42)
      Epoch 50/500, TrLoss: 1.1691, ValAcc: 0.6964, ValLoss: 0.7978
      Epoch 100/500, TrLoss: 0.9207, ValAcc: 0.7143, ValLoss: 0.8550
      Epoch 150/500, TrLoss: 0.7722, ValAcc: 0.6071, ValLoss: 0.9308
      Epoch 200/500, TrLoss: 0.7893, ValAcc: 0.6429, ValLoss: 0.9198
      Epoch 250/500, TrLoss: 0.8865, ValAcc: 0.5000, ValLoss: 1.3290
      Early stop at epoch 268 (no val improve for 150 epochs)
      Best ValAcc: 0.8214 -> Test (single eval): 0.4861
    [within] Running mean: 48.61% (1/3)
    [no-leakage] Subject 3: train=232 val=56 (session 0train), test=288 (session 1test); z-score from train only
      Train: (232, 22, 1000), Val: (56, 22, 1000), Test: (288, 22, 1000)
      Loaded pretrained weights (seed 42)
      Epoch 50/500, TrLoss: 0.9615, ValAcc: 0.9821, ValLoss: 0.2077
      Epoch 100/500, TrLoss: 0.7322, ValAcc: 0.9464, ValLoss: 0.2736
      Epoch 150/500, TrLoss: 0.6484, ValAcc: 0.8393, ValLoss: 0.4321
      Epoch 200/500, TrLoss: 0.7040, ValAcc: 0.8036, ValLoss: 0.4369
      Early stop at epoch 200 (no val improve for 150 epochs)
      Best ValAcc: 0.9821 -> Test (single eval): 0.8646
    [within] Running mean: 67.53% (2/3)
    [no-leakage] Subject 5: train=232 val=56 (session 0train), test=288 (session 1test); z-score from train only
      Train: (232, 22, 1000), Val: (56, 22, 1000), Test: (288, 22, 1000)
      Loaded pretrained weights (seed 42)
      Epoch 50/500, TrLoss: 1.2260, ValAcc: 0.3214, ValLoss: 1.3273
      Epoch 100/500, TrLoss: 1.0093, ValAcc: 0.4107, ValLoss: 1.5414
      Epoch 150/500, TrLoss: 0.8489, ValAcc: 0.4107, ValLoss: 1.3891
      Early stop at epoch 171 (no val improve for 150 epochs)
      Best ValAcc: 0.5179 -> Test (single eval): 0.4236
    [within] Running mean: 59.14% (3/3)

============================================================
FINAL RESULTS — WITHIN-SUBJECT (honest)_b830 (UnifiedEEGNet)
============================================================
 subject  test_acc         model
       2  0.486111 UnifiedEEGNet
       3  0.864583 UnifiedEEGNet
       5  0.423611 UnifiedEEGNet

WITHIN-SUBJECT (honest)_b830 Mean Accuracy: 0.5914 +/- 0.2386 (59.14%)
    saved -> /home/istiaqfuad/Desktop/last-bci/results_within_honest_unified_b830.csv

============================================================
SUMMARY (UnifiedEEGNet)
  within  : 59.14%
Reference SOTA (within-subject, 4-class): CTNet 82.52 / MSCARNet 82.66 / EEGEncoder 86.46
