Model: UnifiedEEGNet (unified) | Protocol: within | band=0.5-100.0Hz expand=1 val_frac=0.2 refit=False align=none tag='base9s2'
Device: cuda
  GPU: NVIDIA GeForce RTX 2070 SUPER

Loading BCI Competition IV-2a (MOABB)...
Choosing from all possible events
    X: (5184, 22, 1001), y: (5184,)
    Subjects: [1, 2, 3, 4, 5, 6, 7, 8, 9]

[within] Pretraining UnifiedEEGNet on session 1 of all subjects...
    Pretrain data: (2592, 22, 1000) trials, 4 classes, align=none
    Pre-training on 2592 trials (session 1 of all subjects)
      Pretrain epoch 50/200, Loss: 0.9648
      Pretrain epoch 100/200, Loss: 0.8969
      Pretrain epoch 150/200, Loss: 0.8449
      Pretrain epoch 200/200, Loss: 0.8648
    Saved pretrained model to /home/istiaqfuad/Desktop/last-bci/models/pretrained_unified_none_s2_base9s2.pt

[within] Fine-tuning UnifiedEEGNet per subject (val_frac=0.2, expand=1, refit=False)...
    [no-leakage] Subject 1: train=232 val=56 (session 0train), test=288 (session 1test); align=none; z-score from train only
      Train: (232, 22, 1000), Val: (56, 22, 1000), Test: (288, 22, 1000)
      Loaded pretrained weights (seed 2)
      Epoch 50/500, TrLoss: 0.8816, ValAcc: 0.9464, ValLoss: 0.3162
      Epoch 100/500, TrLoss: 0.8702, ValAcc: 0.8929, ValLoss: 0.3835
      Epoch 150/500, TrLoss: 0.8265, ValAcc: 0.8750, ValLoss: 0.4665
      Early stop at epoch 175 (no val improve for 150 epochs)
      Best ValAcc: 0.9821 -> Test (single eval): 0.8576
    [within] Running mean: 85.76% (1/9)
    [no-leakage] Subject 2: train=232 val=56 (session 0train), test=288 (session 1test); align=none; z-score from train only
      Train: (232, 22, 1000), Val: (56, 22, 1000), Test: (288, 22, 1000)
      Loaded pretrained weights (seed 2)
      Epoch 50/500, TrLoss: 1.0122, ValAcc: 0.8214, ValLoss: 0.5413
      Epoch 100/500, TrLoss: 0.9571, ValAcc: 0.8393, ValLoss: 0.4810
      Epoch 150/500, TrLoss: 0.8373, ValAcc: 0.8393, ValLoss: 0.4346
      Epoch 200/500, TrLoss: 0.7593, ValAcc: 0.8571, ValLoss: 0.4700
      Epoch 250/500, TrLoss: 0.6231, ValAcc: 0.8036, ValLoss: 0.6208
      Early stop at epoch 258 (no val improve for 150 epochs)
      Best ValAcc: 0.9107 -> Test (single eval): 0.6146
    [within] Running mean: 73.61% (2/9)
    [no-leakage] Subject 3: train=232 val=56 (session 0train), test=288 (session 1test); align=none; z-score from train only
      Train: (232, 22, 1000), Val: (56, 22, 1000), Test: (288, 22, 1000)
      Loaded pretrained weights (seed 2)
      Epoch 50/500, TrLoss: 0.8124, ValAcc: 0.9464, ValLoss: 0.1941
      Epoch 100/500, TrLoss: 0.8389, ValAcc: 0.9643, ValLoss: 0.2159
      Epoch 150/500, TrLoss: 0.7635, ValAcc: 0.8750, ValLoss: 0.3214
      Epoch 200/500, TrLoss: 0.6906, ValAcc: 0.9107, ValLoss: 0.2441
      Early stop at epoch 236 (no val improve for 150 epochs)
      Best ValAcc: 0.9821 -> Test (single eval): 0.9167
    [within] Running mean: 79.63% (3/9)
    [no-leakage] Subject 4: train=232 val=56 (session 0train), test=288 (session 1test); align=none; z-score from train only
      Train: (232, 22, 1000), Val: (56, 22, 1000), Test: (288, 22, 1000)
      Loaded pretrained weights (seed 2)
      Epoch 50/500, TrLoss: 0.9115, ValAcc: 0.8393, ValLoss: 0.4504
      Epoch 100/500, TrLoss: 0.9573, ValAcc: 0.8929, ValLoss: 0.4006
      Epoch 150/500, TrLoss: 0.8479, ValAcc: 0.7857, ValLoss: 0.4635
      Epoch 200/500, TrLoss: 0.8169, ValAcc: 0.8214, ValLoss: 0.5474
      Epoch 250/500, TrLoss: 0.6412, ValAcc: 0.7500, ValLoss: 0.6253
      Early stop at epoch 281 (no val improve for 150 epochs)
      Best ValAcc: 0.9464 -> Test (single eval): 0.8056
    [within] Running mean: 79.86% (4/9)
    [no-leakage] Subject 5: train=232 val=56 (session 0train), test=288 (session 1test); align=none; z-score from train only
      Train: (232, 22, 1000), Val: (56, 22, 1000), Test: (288, 22, 1000)
      Loaded pretrained weights (seed 2)
      Epoch 50/500, TrLoss: 0.9541, ValAcc: 0.8571, ValLoss: 0.5788
      Epoch 100/500, TrLoss: 0.9444, ValAcc: 0.7857, ValLoss: 0.5545
      Epoch 150/500, TrLoss: 0.8562, ValAcc: 0.7679, ValLoss: 0.6287
      Epoch 200/500, TrLoss: 0.8172, ValAcc: 0.6964, ValLoss: 0.7825
      Early stop at epoch 213 (no val improve for 150 epochs)
      Best ValAcc: 0.8929 -> Test (single eval): 0.7083
    [within] Running mean: 78.06% (5/9)
    [no-leakage] Subject 6: train=232 val=56 (session 0train), test=288 (session 1test); align=none; z-score from train only
      Train: (232, 22, 1000), Val: (56, 22, 1000), Test: (288, 22, 1000)
      Loaded pretrained weights (seed 2)
      Epoch 50/500, TrLoss: 0.8882, ValAcc: 0.8929, ValLoss: 0.3939
      Epoch 100/500, TrLoss: 0.9003, ValAcc: 0.8214, ValLoss: 0.5016
      Epoch 150/500, TrLoss: 0.8412, ValAcc: 0.6786, ValLoss: 0.6891
      Early stop at epoch 159 (no val improve for 150 epochs)
      Best ValAcc: 0.9464 -> Test (single eval): 0.6632
    [within] Running mean: 76.10% (6/9)
    [no-leakage] Subject 7: train=232 val=56 (session 0train), test=288 (session 1test); align=none; z-score from train only
      Train: (232, 22, 1000), Val: (56, 22, 1000), Test: (288, 22, 1000)
      Loaded pretrained weights (seed 2)
      Epoch 50/500, TrLoss: 0.8522, ValAcc: 0.9464, ValLoss: 0.2498
      Epoch 100/500, TrLoss: 0.9206, ValAcc: 0.9286, ValLoss: 0.2514
      Epoch 150/500, TrLoss: 0.8311, ValAcc: 0.9464, ValLoss: 0.3192
      Epoch 200/500, TrLoss: 0.7557, ValAcc: 0.9464, ValLoss: 0.2403
      Epoch 250/500, TrLoss: 0.5449, ValAcc: 0.9821, ValLoss: 0.2408
      Early stop at epoch 256 (no val improve for 150 epochs)
      Best ValAcc: 0.9821 -> Test (single eval): 0.7986
    [within] Running mean: 76.64% (7/9)
    [no-leakage] Subject 8: train=232 val=56 (session 0train), test=288 (session 1test); align=none; z-score from train only
      Train: (232, 22, 1000), Val: (56, 22, 1000), Test: (288, 22, 1000)
      Loaded pretrained weights (seed 2)
      Epoch 50/500, TrLoss: 0.7909, ValAcc: 0.9464, ValLoss: 0.2800
      Epoch 100/500, TrLoss: 0.8601, ValAcc: 0.9107, ValLoss: 0.2889
      Epoch 150/500, TrLoss: 0.8353, ValAcc: 0.8750, ValLoss: 0.4232
      Early stop at epoch 194 (no val improve for 150 epochs)
      Best ValAcc: 0.9821 -> Test (single eval): 0.8854
    [within] Running mean: 78.12% (8/9)
    [no-leakage] Subject 9: train=232 val=56 (session 0train), test=288 (session 1test); align=none; z-score from train only
      Train: (232, 22, 1000), Val: (56, 22, 1000), Test: (288, 22, 1000)
      Loaded pretrained weights (seed 2)
      Epoch 50/500, TrLoss: 0.8670, ValAcc: 0.9821, ValLoss: 0.2462
      Epoch 100/500, TrLoss: 0.8687, ValAcc: 0.9464, ValLoss: 0.3001
      Epoch 150/500, TrLoss: 0.8403, ValAcc: 0.9286, ValLoss: 0.3775
      Early stop at epoch 161 (no val improve for 150 epochs)
      Best ValAcc: 1.0000 -> Test (single eval): 0.8056
    [within] Running mean: 78.40% (9/9)

============================================================
FINAL RESULTS — WITHIN-SUBJECT (honest)_base9s2 (UnifiedEEGNet)
============================================================
 subject  test_acc         model
       1  0.857639 UnifiedEEGNet
       2  0.614583 UnifiedEEGNet
       3  0.916667 UnifiedEEGNet
       4  0.805556 UnifiedEEGNet
       5  0.708333 UnifiedEEGNet
       6  0.663194 UnifiedEEGNet
       7  0.798611 UnifiedEEGNet
       8  0.885417 UnifiedEEGNet
       9  0.805556 UnifiedEEGNet

WITHIN-SUBJECT (honest)_base9s2 Mean Accuracy: 0.7840 +/- 0.1021 (78.40%)
    saved -> /home/istiaqfuad/Desktop/last-bci/results_within_honest_unified_base9s2.csv

============================================================
SUMMARY (UnifiedEEGNet)
  within  : 78.40%
Reference SOTA (within-subject, 4-class): CTNet 82.52 / MSCARNet 82.66 / EEGEncoder 86.46
