Model: UnifiedEEGNet (unified) | Protocol: within | band=0.5-100.0Hz expand=1 val_frac=0.2 refit=False align=none tag='base9s1'
Device: cuda
  GPU: NVIDIA GeForce RTX 2070 SUPER

Loading BCI Competition IV-2a (MOABB)...
Choosing from all possible events
    X: (5184, 22, 1001), y: (5184,)
    Subjects: [1, 2, 3, 4, 5, 6, 7, 8, 9]

[within] Pretraining UnifiedEEGNet on session 1 of all subjects...
    Pretrain data: (2592, 22, 1000) trials, 4 classes, align=none
    Pre-training on 2592 trials (session 1 of all subjects)
      Pretrain epoch 50/200, Loss: 0.9510
      Pretrain epoch 100/200, Loss: 0.8999
      Pretrain epoch 150/200, Loss: 0.8607
      Pretrain epoch 200/200, Loss: 0.8261
    Saved pretrained model to /home/istiaqfuad/Desktop/last-bci/models/pretrained_unified_none_s1_base9s1.pt

[within] Fine-tuning UnifiedEEGNet per subject (val_frac=0.2, expand=1, refit=False)...
    [no-leakage] Subject 1: train=232 val=56 (session 0train), test=288 (session 1test); align=none; z-score from train only
      Train: (232, 22, 1000), Val: (56, 22, 1000), Test: (288, 22, 1000)
      Loaded pretrained weights (seed 1)
      Epoch 50/500, TrLoss: 0.6392, ValAcc: 0.9286, ValLoss: 0.3665
      Epoch 100/500, TrLoss: 0.8515, ValAcc: 0.9464, ValLoss: 0.3677
      Epoch 150/500, TrLoss: 0.6922, ValAcc: 0.9286, ValLoss: 0.4007
      Epoch 200/500, TrLoss: 0.8919, ValAcc: 0.8750, ValLoss: 0.5162
      Early stop at epoch 231 (no val improve for 150 epochs)
      Best ValAcc: 0.9464 -> Test (single eval): 0.8889
    [within] Running mean: 88.89% (1/9)
    [no-leakage] Subject 2: train=232 val=56 (session 0train), test=288 (session 1test); align=none; z-score from train only
      Train: (232, 22, 1000), Val: (56, 22, 1000), Test: (288, 22, 1000)
      Loaded pretrained weights (seed 1)
      Epoch 50/500, TrLoss: 0.8247, ValAcc: 0.7321, ValLoss: 0.6531
      Epoch 100/500, TrLoss: 0.9208, ValAcc: 0.7143, ValLoss: 0.6741
      Epoch 150/500, TrLoss: 0.7502, ValAcc: 0.7321, ValLoss: 0.7174
      Epoch 200/500, TrLoss: 0.9463, ValAcc: 0.6964, ValLoss: 0.7968
      Epoch 250/500, TrLoss: 0.8080, ValAcc: 0.6786, ValLoss: 0.8153
      Early stop at epoch 258 (no val improve for 150 epochs)
      Best ValAcc: 0.8036 -> Test (single eval): 0.5486
    [within] Running mean: 71.88% (2/9)
    [no-leakage] Subject 3: train=232 val=56 (session 0train), test=288 (session 1test); align=none; z-score from train only
      Train: (232, 22, 1000), Val: (56, 22, 1000), Test: (288, 22, 1000)
      Loaded pretrained weights (seed 1)
      Epoch 50/500, TrLoss: 0.5592, ValAcc: 0.9821, ValLoss: 0.1888
      Epoch 100/500, TrLoss: 0.8365, ValAcc: 0.9464, ValLoss: 0.2367
      Epoch 150/500, TrLoss: 0.6778, ValAcc: 0.9286, ValLoss: 0.3501
      Early stop at epoch 172 (no val improve for 150 epochs)
      Best ValAcc: 1.0000 -> Test (single eval): 0.9236
    [within] Running mean: 78.70% (3/9)
    [no-leakage] Subject 4: train=232 val=56 (session 0train), test=288 (session 1test); align=none; z-score from train only
      Train: (232, 22, 1000), Val: (56, 22, 1000), Test: (288, 22, 1000)
      Loaded pretrained weights (seed 1)
      Epoch 50/500, TrLoss: 0.7308, ValAcc: 0.8393, ValLoss: 0.5468
      Epoch 100/500, TrLoss: 0.9352, ValAcc: 0.8571, ValLoss: 0.5493
      Epoch 150/500, TrLoss: 0.7764, ValAcc: 0.8214, ValLoss: 0.6905
      Epoch 200/500, TrLoss: 0.8888, ValAcc: 0.8036, ValLoss: 0.6272
      Early stop at epoch 212 (no val improve for 150 epochs)
      Best ValAcc: 0.8750 -> Test (single eval): 0.7778
    [within] Running mean: 78.47% (4/9)
    [no-leakage] Subject 5: train=232 val=56 (session 0train), test=288 (session 1test); align=none; z-score from train only
      Train: (232, 22, 1000), Val: (56, 22, 1000), Test: (288, 22, 1000)
      Loaded pretrained weights (seed 1)
      Epoch 50/500, TrLoss: 0.7743, ValAcc: 0.8393, ValLoss: 0.4488
      Epoch 100/500, TrLoss: 0.8776, ValAcc: 0.8393, ValLoss: 0.5028
      Epoch 150/500, TrLoss: 0.7812, ValAcc: 0.8214, ValLoss: 0.5596
      Epoch 200/500, TrLoss: 0.9147, ValAcc: 0.7679, ValLoss: 0.6694
      Early stop at epoch 223 (no val improve for 150 epochs)
      Best ValAcc: 0.9107 -> Test (single eval): 0.2604
    [within] Running mean: 67.99% (5/9)
    [no-leakage] Subject 6: train=232 val=56 (session 0train), test=288 (session 1test); align=none; z-score from train only
      Train: (232, 22, 1000), Val: (56, 22, 1000), Test: (288, 22, 1000)
      Loaded pretrained weights (seed 1)
      Epoch 50/500, TrLoss: 0.7318, ValAcc: 0.9286, ValLoss: 0.3049
      Epoch 100/500, TrLoss: 0.9324, ValAcc: 0.9286, ValLoss: 0.3191
      Epoch 150/500, TrLoss: 0.7358, ValAcc: 0.8393, ValLoss: 0.4407
      Early stop at epoch 190 (no val improve for 150 epochs)
      Best ValAcc: 0.9464 -> Test (single eval): 0.6701
    [within] Running mean: 67.82% (6/9)
    [no-leakage] Subject 7: train=232 val=56 (session 0train), test=288 (session 1test); align=none; z-score from train only
      Train: (232, 22, 1000), Val: (56, 22, 1000), Test: (288, 22, 1000)
      Loaded pretrained weights (seed 1)
      Epoch 50/500, TrLoss: 0.6423, ValAcc: 0.9107, ValLoss: 0.3366
      Epoch 100/500, TrLoss: 0.8877, ValAcc: 0.8571, ValLoss: 0.4053
      Epoch 150/500, TrLoss: 0.6951, ValAcc: 0.8750, ValLoss: 0.3768
      Early stop at epoch 171 (no val improve for 150 epochs)
      Best ValAcc: 0.9286 -> Test (single eval): 0.7743
    [within] Running mean: 69.20% (7/9)
    [no-leakage] Subject 8: train=232 val=56 (session 0train), test=288 (session 1test); align=none; z-score from train only
      Train: (232, 22, 1000), Val: (56, 22, 1000), Test: (288, 22, 1000)
      Loaded pretrained weights (seed 1)
      Epoch 50/500, TrLoss: 0.5957, ValAcc: 0.9464, ValLoss: 0.2401
      Epoch 100/500, TrLoss: 0.8420, ValAcc: 0.9286, ValLoss: 0.2855
      Epoch 150/500, TrLoss: 0.6619, ValAcc: 0.9107, ValLoss: 0.3113
      Early stop at epoch 151 (no val improve for 150 epochs)
      Best ValAcc: 0.9821 -> Test (single eval): 0.8333
    [within] Running mean: 70.96% (8/9)
    [no-leakage] Subject 9: train=232 val=56 (session 0train), test=288 (session 1test); align=none; z-score from train only
      Train: (232, 22, 1000), Val: (56, 22, 1000), Test: (288, 22, 1000)
      Loaded pretrained weights (seed 1)
      Epoch 50/500, TrLoss: 0.5926, ValAcc: 0.9464, ValLoss: 0.2295
      Epoch 100/500, TrLoss: 0.8962, ValAcc: 0.9286, ValLoss: 0.2692
      Epoch 150/500, TrLoss: 0.6548, ValAcc: 0.8929, ValLoss: 0.3157
      Early stop at epoch 191 (no val improve for 150 epochs)
      Best ValAcc: 0.9821 -> Test (single eval): 0.8160
    [within] Running mean: 72.15% (9/9)

============================================================
FINAL RESULTS — WITHIN-SUBJECT (honest)_base9s1 (UnifiedEEGNet)
============================================================
 subject  test_acc         model
       1  0.888889 UnifiedEEGNet
       2  0.548611 UnifiedEEGNet
       3  0.923611 UnifiedEEGNet
       4  0.777778 UnifiedEEGNet
       5  0.260417 UnifiedEEGNet
       6  0.670139 UnifiedEEGNet
       7  0.774306 UnifiedEEGNet
       8  0.833333 UnifiedEEGNet
       9  0.815972 UnifiedEEGNet

WITHIN-SUBJECT (honest)_base9s1 Mean Accuracy: 0.7215 +/- 0.2066 (72.15%)
    saved -> /home/istiaqfuad/Desktop/last-bci/results_within_honest_unified_base9s1.csv

============================================================
SUMMARY (UnifiedEEGNet)
  within  : 72.15%
Reference SOTA (within-subject, 4-class): CTNet 82.52 / MSCARNet 82.66 / EEGEncoder 86.46
