Model: UnifiedEEGNet (unified) | Protocol: within | band=0.5-100.0Hz expand=1 val_frac=0.2 refit=False align=ea tag='ea9s1'
Device: cuda
  GPU: NVIDIA GeForce RTX 2070 SUPER

Loading BCI Competition IV-2a (MOABB)...
Choosing from all possible events
    X: (5184, 22, 1001), y: (5184,)
    Subjects: [1, 2, 3, 4, 5, 6, 7, 8, 9]

[within] Pretraining UnifiedEEGNet on session 1 of all subjects...
    Pretrain data: (2592, 22, 1000) trials, 4 classes, align=ea
    Pre-training on 2592 trials (session 1 of all subjects)
      Pretrain epoch 50/200, Loss: 0.8450
      Pretrain epoch 100/200, Loss: 0.7894
      Pretrain epoch 150/200, Loss: 0.7354
      Pretrain epoch 200/200, Loss: 0.7341
    Saved pretrained model to /home/istiaqfuad/Desktop/last-bci/models/pretrained_unified_ea_s1_ea9s1.pt

[within] Fine-tuning UnifiedEEGNet per subject (val_frac=0.2, expand=1, refit=False)...
    [no-leakage] Subject 1: train=232 val=56 (session 0train), test=288 (session 1test); align=ea; z-score from train only
      Train: (232, 22, 1000), Val: (56, 22, 1000), Test: (288, 22, 1000)
      Loaded pretrained weights (seed 1)
      Epoch 50/500, TrLoss: 0.5792, ValAcc: 0.9821, ValLoss: 0.2008
      Epoch 100/500, TrLoss: 0.8517, ValAcc: 0.9464, ValLoss: 0.2450
      Epoch 150/500, TrLoss: 0.6593, ValAcc: 0.9464, ValLoss: 0.2639
      Early stop at epoch 169 (no val improve for 150 epochs)
      Best ValAcc: 0.9821 -> Test (single eval): 0.8958
    [within] Running mean: 89.58% (1/9)
    [no-leakage] Subject 2: train=232 val=56 (session 0train), test=288 (session 1test); align=ea; z-score from train only
      Train: (232, 22, 1000), Val: (56, 22, 1000), Test: (288, 22, 1000)
      Loaded pretrained weights (seed 1)
      Epoch 50/500, TrLoss: 0.6495, ValAcc: 0.8750, ValLoss: 0.3506
      Epoch 100/500, TrLoss: 0.8445, ValAcc: 0.8929, ValLoss: 0.3468
      Epoch 150/500, TrLoss: 0.6550, ValAcc: 0.8036, ValLoss: 0.4307
      Early stop at epoch 189 (no val improve for 150 epochs)
      Best ValAcc: 0.9107 -> Test (single eval): 0.7083
    [within] Running mean: 80.21% (2/9)
    [no-leakage] Subject 3: train=232 val=56 (session 0train), test=288 (session 1test); align=ea; z-score from train only
      Train: (232, 22, 1000), Val: (56, 22, 1000), Test: (288, 22, 1000)
      Loaded pretrained weights (seed 1)
      Epoch 50/500, TrLoss: 0.5410, ValAcc: 1.0000, ValLoss: 0.1849
      Epoch 100/500, TrLoss: 0.7998, ValAcc: 0.9821, ValLoss: 0.1986
      Epoch 150/500, TrLoss: 0.6179, ValAcc: 0.9643, ValLoss: 0.2592
      Early stop at epoch 172 (no val improve for 150 epochs)
      Best ValAcc: 1.0000 -> Test (single eval): 0.9479
    [within] Running mean: 85.07% (3/9)
    [no-leakage] Subject 4: train=232 val=56 (session 0train), test=288 (session 1test); align=ea; z-score from train only
      Train: (232, 22, 1000), Val: (56, 22, 1000), Test: (288, 22, 1000)
      Loaded pretrained weights (seed 1)
      Epoch 50/500, TrLoss: 0.6353, ValAcc: 0.9107, ValLoss: 0.3371
      Epoch 100/500, TrLoss: 0.9144, ValAcc: 0.9107, ValLoss: 0.3385
      Epoch 150/500, TrLoss: 0.6907, ValAcc: 0.8393, ValLoss: 0.4247
      Epoch 200/500, TrLoss: 0.8330, ValAcc: 0.7679, ValLoss: 0.4983
      Early stop at epoch 213 (no val improve for 150 epochs)
      Best ValAcc: 1.0000 -> Test (single eval): 0.8507
    [within] Running mean: 85.07% (4/9)
    [no-leakage] Subject 5: train=232 val=56 (session 0train), test=288 (session 1test); align=ea; z-score from train only
      Train: (232, 22, 1000), Val: (56, 22, 1000), Test: (288, 22, 1000)
      Loaded pretrained weights (seed 1)
      Epoch 50/500, TrLoss: 0.6337, ValAcc: 0.9107, ValLoss: 0.3518
      Epoch 100/500, TrLoss: 0.8579, ValAcc: 0.8571, ValLoss: 0.3978
      Epoch 150/500, TrLoss: 0.6546, ValAcc: 0.8929, ValLoss: 0.4079
      Epoch 200/500, TrLoss: 0.8538, ValAcc: 0.8393, ValLoss: 0.5520
      Epoch 250/500, TrLoss: 0.7650, ValAcc: 0.8393, ValLoss: 0.5299
      Early stop at epoch 292 (no val improve for 150 epochs)
      Best ValAcc: 0.9464 -> Test (single eval): 0.7292
    [within] Running mean: 82.64% (5/9)
    [no-leakage] Subject 6: train=232 val=56 (session 0train), test=288 (session 1test); align=ea; z-score from train only
      Train: (232, 22, 1000), Val: (56, 22, 1000), Test: (288, 22, 1000)
      Loaded pretrained weights (seed 1)
      Epoch 50/500, TrLoss: 0.6581, ValAcc: 1.0000, ValLoss: 0.2345
      Epoch 100/500, TrLoss: 0.8803, ValAcc: 0.9286, ValLoss: 0.2785
      Epoch 150/500, TrLoss: 0.6825, ValAcc: 0.8929, ValLoss: 0.3879
      Early stop at epoch 188 (no val improve for 150 epochs)
      Best ValAcc: 1.0000 -> Test (single eval): 0.7292
    [within] Running mean: 81.02% (6/9)
    [no-leakage] Subject 7: train=232 val=56 (session 0train), test=288 (session 1test); align=ea; z-score from train only
      Train: (232, 22, 1000), Val: (56, 22, 1000), Test: (288, 22, 1000)
      Loaded pretrained weights (seed 1)
      Epoch 50/500, TrLoss: 0.5779, ValAcc: 0.9821, ValLoss: 0.1747
      Epoch 100/500, TrLoss: 0.8315, ValAcc: 0.9464, ValLoss: 0.1850
      Epoch 150/500, TrLoss: 0.6401, ValAcc: 0.9464, ValLoss: 0.2419
      Early stop at epoch 171 (no val improve for 150 epochs)
      Best ValAcc: 1.0000 -> Test (single eval): 0.9306
    [within] Running mean: 82.74% (7/9)
    [no-leakage] Subject 8: train=232 val=56 (session 0train), test=288 (session 1test); align=ea; z-score from train only
      Train: (232, 22, 1000), Val: (56, 22, 1000), Test: (288, 22, 1000)
      Loaded pretrained weights (seed 1)
      Epoch 50/500, TrLoss: 0.5485, ValAcc: 0.9643, ValLoss: 0.1902
      Epoch 100/500, TrLoss: 0.8219, ValAcc: 0.9643, ValLoss: 0.2358
      Epoch 150/500, TrLoss: 0.6047, ValAcc: 0.9107, ValLoss: 0.2990
      Early stop at epoch 170 (no val improve for 150 epochs)
      Best ValAcc: 0.9821 -> Test (single eval): 0.8889
    [within] Running mean: 83.51% (8/9)
    [no-leakage] Subject 9: train=232 val=56 (session 0train), test=288 (session 1test); align=ea; z-score from train only
      Train: (232, 22, 1000), Val: (56, 22, 1000), Test: (288, 22, 1000)
      Loaded pretrained weights (seed 1)
      Epoch 50/500, TrLoss: 0.5619, ValAcc: 0.9821, ValLoss: 0.1732
      Epoch 100/500, TrLoss: 0.8897, ValAcc: 0.9821, ValLoss: 0.1853
      Epoch 150/500, TrLoss: 0.6448, ValAcc: 0.9821, ValLoss: 0.2358
      Epoch 200/500, TrLoss: 0.8545, ValAcc: 0.9821, ValLoss: 0.3045
      Early stop at epoch 206 (no val improve for 150 epochs)
      Best ValAcc: 1.0000 -> Test (single eval): 0.8576
    [within] Running mean: 83.76% (9/9)

============================================================
FINAL RESULTS — WITHIN-SUBJECT (honest)_ea9s1 (UnifiedEEGNet)
============================================================
 subject  test_acc         model
       1  0.895833 UnifiedEEGNet
       2  0.708333 UnifiedEEGNet
       3  0.947917 UnifiedEEGNet
       4  0.850694 UnifiedEEGNet
       5  0.729167 UnifiedEEGNet
       6  0.729167 UnifiedEEGNet
       7  0.930556 UnifiedEEGNet
       8  0.888889 UnifiedEEGNet
       9  0.857639 UnifiedEEGNet

WITHIN-SUBJECT (honest)_ea9s1 Mean Accuracy: 0.8376 +/- 0.0919 (83.76%)
    saved -> /home/istiaqfuad/Desktop/last-bci/results_within_honest_unified_ea9s1.csv

============================================================
SUMMARY (UnifiedEEGNet)
  within  : 83.76%
Reference SOTA (within-subject, 4-class): CTNet 82.52 / MSCARNet 82.66 / EEGEncoder 86.46
