Model: UnifiedEEGNet (unified) | Protocol: within | band=0.5-100.0Hz expand=1 val_frac=0.2 refit=False align=ra tag='wratta2'
Device: cuda
  GPU: NVIDIA GeForce GTX 1050 Ti

Loading BCI Competition IV-2a (MOABB)...
Choosing from all possible events
    X: (5184, 22, 1001), y: (5184,)
    Subjects: [1, 2, 3, 4, 5, 6, 7, 8, 9]

[within] Pretraining UnifiedEEGNet on session 1 of all subjects...
    Pretrain data: (2592, 22, 1000) trials, 4 classes, align=ra
    Pre-training on 2592 trials (session 1 of all subjects)
      Pretrain epoch 50/200, Loss: 0.8272
      Pretrain epoch 100/200, Loss: 0.7734
      Pretrain epoch 150/200, Loss: 0.7296
      Pretrain epoch 200/200, Loss: 0.7375
    Saved pretrained model to /home/istiaqfuad/Desktop/last-bci/models/pretrained_unified_ra_s2_wratta2.pt

[within] Fine-tuning UnifiedEEGNet per subject (val_frac=0.2, expand=1, refit=False)...
    [no-leakage] Subject 1: train=232 val=56 (session 0train), test=288 (session 1test); align=ra; z-score from train only
      Train: (232, 22, 1000), Val: (56, 22, 1000), Test: (288, 22, 1000)
      Loaded pretrained weights (seed 2)
      Epoch 50/500, TrLoss: 0.8083, ValAcc: 1.0000, ValLoss: 0.1982
      Epoch 100/500, TrLoss: 0.8474, ValAcc: 0.9643, ValLoss: 0.2668
      Epoch 150/500, TrLoss: 0.7636, ValAcc: 0.9107, ValLoss: 0.2941
      Early stop at epoch 196 (no val improve for 150 epochs)
      Best ValAcc: 1.0000 -> Test (single eval): 0.9167 | +TTA(5,div1.0): 0.9132
    [within] Running mean: 91.32% (1/9)
    [no-leakage] Subject 2: train=232 val=56 (session 0train), test=288 (session 1test); align=ra; z-score from train only
      Train: (232, 22, 1000), Val: (56, 22, 1000), Test: (288, 22, 1000)
      Loaded pretrained weights (seed 2)
      Epoch 50/500, TrLoss: 0.8452, ValAcc: 0.9643, ValLoss: 0.2364
      Epoch 100/500, TrLoss: 0.8622, ValAcc: 0.9107, ValLoss: 0.2987
      Epoch 150/500, TrLoss: 0.8135, ValAcc: 0.8929, ValLoss: 0.3360
      Epoch 200/500, TrLoss: 0.7054, ValAcc: 0.8750, ValLoss: 0.5361
      Early stop at epoch 220 (no val improve for 150 epochs)
      Best ValAcc: 0.9643 -> Test (single eval): 0.7465 | +TTA(5,div1.0): 0.7743
    [within] Running mean: 84.38% (2/9)
    [no-leakage] Subject 3: train=232 val=56 (session 0train), test=288 (session 1test); align=ra; z-score from train only
      Train: (232, 22, 1000), Val: (56, 22, 1000), Test: (288, 22, 1000)
      Loaded pretrained weights (seed 2)
      Epoch 50/500, TrLoss: 0.7781, ValAcc: 1.0000, ValLoss: 0.1488
      Epoch 100/500, TrLoss: 0.8227, ValAcc: 0.9821, ValLoss: 0.1866
      Epoch 150/500, TrLoss: 0.7188, ValAcc: 0.9464, ValLoss: 0.2426
      Early stop at epoch 155 (no val improve for 150 epochs)
      Best ValAcc: 1.0000 -> Test (single eval): 0.9583 | +TTA(5,div1.0): 0.9583
    [within] Running mean: 88.19% (3/9)
    [no-leakage] Subject 4: train=232 val=56 (session 0train), test=288 (session 1test); align=ra; z-score from train only
      Train: (232, 22, 1000), Val: (56, 22, 1000), Test: (288, 22, 1000)
      Loaded pretrained weights (seed 2)
      Epoch 50/500, TrLoss: 0.8515, ValAcc: 0.9464, ValLoss: 0.2697
      Epoch 100/500, TrLoss: 0.8920, ValAcc: 0.9107, ValLoss: 0.3012
      Epoch 150/500, TrLoss: 0.7649, ValAcc: 0.9107, ValLoss: 0.4035
      Early stop at epoch 183 (no val improve for 150 epochs)
      Best ValAcc: 0.9643 -> Test (single eval): 0.8125 | +TTA(5,div1.0): 0.8368
    [within] Running mean: 87.07% (4/9)
    [no-leakage] Subject 5: train=232 val=56 (session 0train), test=288 (session 1test); align=ra; z-score from train only
      Train: (232, 22, 1000), Val: (56, 22, 1000), Test: (288, 22, 1000)
      Loaded pretrained weights (seed 2)
      Epoch 50/500, TrLoss: 0.8017, ValAcc: 0.9107, ValLoss: 0.3082
      Epoch 100/500, TrLoss: 0.8595, ValAcc: 0.8393, ValLoss: 0.4855
      Epoch 150/500, TrLoss: 0.7751, ValAcc: 0.7857, ValLoss: 0.5695
      Epoch 200/500, TrLoss: 0.6880, ValAcc: 0.7857, ValLoss: 0.5942
      Early stop at epoch 201 (no val improve for 150 epochs)
      Best ValAcc: 0.9286 -> Test (single eval): 0.6979 | +TTA(5,div1.0): 0.7812
    [within] Running mean: 85.28% (5/9)
    [no-leakage] Subject 6: train=232 val=56 (session 0train), test=288 (session 1test); align=ra; z-score from train only
      Train: (232, 22, 1000), Val: (56, 22, 1000), Test: (288, 22, 1000)
      Loaded pretrained weights (seed 2)
      Epoch 50/500, TrLoss: 0.8181, ValAcc: 0.9464, ValLoss: 0.3352
      Epoch 100/500, TrLoss: 0.8635, ValAcc: 0.8750, ValLoss: 0.4625
      Epoch 150/500, TrLoss: 0.8188, ValAcc: 0.7857, ValLoss: 0.5188
      Early stop at epoch 180 (no val improve for 150 epochs)
      Best ValAcc: 0.9821 -> Test (single eval): 0.6701 | +TTA(5,div1.0): 0.7083
    [within] Running mean: 82.87% (6/9)
    [no-leakage] Subject 7: train=232 val=56 (session 0train), test=288 (session 1test); align=ra; z-score from train only
      Train: (232, 22, 1000), Val: (56, 22, 1000), Test: (288, 22, 1000)
      Loaded pretrained weights (seed 2)
      Epoch 50/500, TrLoss: 0.7722, ValAcc: 0.9821, ValLoss: 0.1733
      Epoch 100/500, TrLoss: 0.8309, ValAcc: 0.9821, ValLoss: 0.1896
      Epoch 150/500, TrLoss: 0.7456, ValAcc: 0.9643, ValLoss: 0.2210
      Epoch 200/500, TrLoss: 0.6455, ValAcc: 0.9821, ValLoss: 0.1571
      Epoch 250/500, TrLoss: 0.4901, ValAcc: 0.9821, ValLoss: 0.1794
      Epoch 300/500, TrLoss: 0.7188, ValAcc: 0.9821, ValLoss: 0.2336
      Epoch 350/500, TrLoss: 0.8028, ValAcc: 0.9821, ValLoss: 0.2270
      Epoch 400/500, TrLoss: 0.5358, ValAcc: 0.9821, ValLoss: 0.2135
      Epoch 450/500, TrLoss: 0.4514, ValAcc: 0.9821, ValLoss: 0.2103
      Epoch 500/500, TrLoss: 0.5762, ValAcc: 0.9821, ValLoss: 0.1443
      Best ValAcc: 1.0000 -> Test (single eval): 0.8403 | +TTA(5,div1.0): 0.9479
    [within] Running mean: 84.57% (7/9)
    [no-leakage] Subject 8: train=232 val=56 (session 0train), test=288 (session 1test); align=ra; z-score from train only
      Train: (232, 22, 1000), Val: (56, 22, 1000), Test: (288, 22, 1000)
      Loaded pretrained weights (seed 2)
      Epoch 50/500, TrLoss: 0.7801, ValAcc: 0.9821, ValLoss: 0.2012
      Epoch 100/500, TrLoss: 0.7913, ValAcc: 0.9464, ValLoss: 0.2421
      Epoch 150/500, TrLoss: 0.7571, ValAcc: 0.9464, ValLoss: 0.3337
      Early stop at epoch 176 (no val improve for 150 epochs)
      Best ValAcc: 1.0000 -> Test (single eval): 0.8681 | +TTA(5,div1.0): 0.8993
    [within] Running mean: 85.24% (8/9)
    [no-leakage] Subject 9: train=232 val=56 (session 0train), test=288 (session 1test); align=ra; z-score from train only
      Train: (232, 22, 1000), Val: (56, 22, 1000), Test: (288, 22, 1000)
      Loaded pretrained weights (seed 2)
      Epoch 50/500, TrLoss: 0.8100, ValAcc: 0.9464, ValLoss: 0.2588
      Epoch 100/500, TrLoss: 0.8148, ValAcc: 0.9464, ValLoss: 0.3182
      Epoch 150/500, TrLoss: 0.7999, ValAcc: 0.8571, ValLoss: 0.4693
      Early stop at epoch 155 (no val improve for 150 epochs)
      Best ValAcc: 0.9464 -> Test (single eval): 0.8125 | +TTA(5,div1.0): 0.8403
    [within] Running mean: 85.11% (9/9)

============================================================
FINAL RESULTS — WITHIN-SUBJECT (honest)_wratta2 (UnifiedEEGNet)
============================================================
 subject  test_acc         model
       1  0.913194 UnifiedEEGNet
       2  0.774306 UnifiedEEGNet
       3  0.958333 UnifiedEEGNet
       4  0.836806 UnifiedEEGNet
       5  0.781250 UnifiedEEGNet
       6  0.708333 UnifiedEEGNet
       7  0.947917 UnifiedEEGNet
       8  0.899306 UnifiedEEGNet
       9  0.840278 UnifiedEEGNet

WITHIN-SUBJECT (honest)_wratta2 Mean Accuracy: 0.8511 +/- 0.0855 (85.11%)
    saved -> /home/istiaqfuad/Desktop/last-bci/results_within_honest_unified_wratta2.csv

============================================================
SUMMARY (UnifiedEEGNet)
  within  : 85.11%
Reference SOTA (within-subject, 4-class): CTNet 82.52 / MSCARNet 82.66 / EEGEncoder 86.46
